Using pre-set license
Built from '2020.3/staging' branch; Version is '2020.3.14f1 (d0d1bb862f9d) revision 13685179'; Using compiler version '192528614'; Build Type 'Release'
OS: 'Windows 10 Home Single Language; OS build 19042.1348; Version 2009; 64bit' Language: 'ru' Physical Memory: 8049 MB
BatchMode: 1, IsHumanControllingUs: 0, StartBugReporterOnCrash: 0, Is64bit: 1, IsPro: 0

 COMMAND LINE ARGUMENTS:
C:\Program Files\Unity\Hub\Editor\2020.3.14f1\Editor\Unity.exe
-adb2
-batchMode
-noUpm
-name
AssetImportWorker0
-projectPath
C:/Unity Projects/HelloARWorld
-logFile
Logs/AssetImportWorker0.log
-srvPort
51371
Successfully changed project path to: C:/Unity Projects/HelloARWorld
C:/Unity Projects/HelloARWorld
Using Asset Import Pipeline V2.
Refreshing native plugins compatible for Editor in 45.70 ms, found 2 plugins.
Preloading 0 native plugins for Editor in 0.00 ms.
Initialize engine version: 2020.3.14f1 (d0d1bb862f9d)
[Subsystems] Discovering subsystems at path C:/Program Files/Unity/Hub/Editor/2020.3.14f1/Editor/Data/Resources/UnitySubsystems
[Subsystems] Discovering subsystems at path C:/Unity Projects/HelloARWorld/Assets
GfxDevice: creating device client; threaded=0
Direct3D:
    Version:  Direct3D 11.0 [level 11.1]
    Renderer: Intel(R) UHD Graphics 620 (ID=0x5917)
    Vendor:   
    VRAM:     4024 MB
    Driver:   27.20.100.8477
Initialize mono
Mono path[0] = 'C:/Program Files/Unity/Hub/Editor/2020.3.14f1/Editor/Data/Managed'
Mono path[1] = 'C:/Program Files/Unity/Hub/Editor/2020.3.14f1/Editor/Data/MonoBleedingEdge/lib/mono/unityjit'
Mono config path = 'C:/Program Files/Unity/Hub/Editor/2020.3.14f1/Editor/Data/MonoBleedingEdge/etc'
Using monoOptions --debugger-agent=transport=dt_socket,embedding=1,server=y,suspend=n,address=127.0.0.1:56560
Begin MonoManager ReloadAssembly
Registering precompiled unity dll's ...
Register platform support module: C:/Program Files/Unity/Hub/Editor/2020.3.14f1/Editor/Data/PlaybackEngines/WebGLSupport/UnityEditor.WebGL.Extensions.dll
Register platform support module: C:/Program Files/Unity/Hub/Editor/2020.3.14f1/Editor/Data/PlaybackEngines/WindowsStandaloneSupport/UnityEditor.WindowsStandalone.Extensions.dll
Registered in 0.005127 seconds.
Native extension for WindowsStandalone target not found
Native extension for WebGL target not found
Refreshing native plugins compatible for Editor in 38.54 ms, found 2 plugins.
Preloading 0 native plugins for Editor in 0.00 ms.
Mono: successfully reloaded assembly
- Completed reload, in  2.708 seconds
Domain Reload Profiling:
	ReloadAssembly (2708ms)
		BeginReloadAssembly (73ms)
			ExecutionOrderSort (0ms)
			DisableScriptedObjects (0ms)
			BackupInstance (0ms)
			ReleaseScriptingObjects (0ms)
			CreateAndSetChildDomain (1ms)
		EndReloadAssembly (484ms)
			LoadAssemblies (70ms)
			RebuildTransferFunctionScriptingTraits (0ms)
			SetupTypeCache (178ms)
			ReleaseScriptCaches (0ms)
			RebuildScriptCaches (36ms)
			SetupLoadedEditorAssemblies (183ms)
				LogAssemblyErrors (0ms)
				InitializePlatformSupportModulesInManaged (7ms)
				SetLoadedEditorAssemblies (0ms)
				RefreshPlugins (39ms)
				BeforeProcessingInitializeOnLoad (12ms)
				ProcessInitializeOnLoadAttributes (94ms)
				ProcessInitializeOnLoadMethodAttributes (32ms)
				AfterProcessingInitializeOnLoad (0ms)
				EditorAssembliesLoaded (0ms)
			ExecutionOrderSort2 (0ms)
			AwakeInstancesAfterBackupRestoration (0ms)
Platform modules already initialized, skipping
Registering precompiled user dll's ...
Registered in 0.006236 seconds.
Begin MonoManager ReloadAssembly
Native extension for WindowsStandalone target not found
Native extension for WebGL target not found
Refreshing native plugins compatible for Editor in 38.91 ms, found 2 plugins.
Preloading 0 native plugins for Editor in 0.00 ms.
Mono: successfully reloaded assembly
- Completed reload, in  1.281 seconds
Domain Reload Profiling:
	ReloadAssembly (1282ms)
		BeginReloadAssembly (173ms)
			ExecutionOrderSort (0ms)
			DisableScriptedObjects (5ms)
			BackupInstance (0ms)
			ReleaseScriptingObjects (0ms)
			CreateAndSetChildDomain (22ms)
		EndReloadAssembly (1033ms)
			LoadAssemblies (111ms)
			RebuildTransferFunctionScriptingTraits (0ms)
			SetupTypeCache (324ms)
			ReleaseScriptCaches (1ms)
			RebuildScriptCaches (53ms)
			SetupLoadedEditorAssemblies (396ms)
				LogAssemblyErrors (0ms)
				InitializePlatformSupportModulesInManaged (6ms)
				SetLoadedEditorAssemblies (0ms)
				RefreshPlugins (39ms)
				BeforeProcessingInitializeOnLoad (122ms)
				ProcessInitializeOnLoadAttributes (214ms)
				ProcessInitializeOnLoadMethodAttributes (4ms)
				AfterProcessingInitializeOnLoad (10ms)
				EditorAssembliesLoaded (0ms)
			ExecutionOrderSort2 (0ms)
			AwakeInstancesAfterBackupRestoration (7ms)
Platform modules already initialized, skipping
========================================================================
Worker process is ready to serve import requests
Launched and connected shader compiler UnityShaderCompiler.exe after 0.06 seconds
Refreshing native plugins compatible for Editor in 0.54 ms, found 2 plugins.
Preloading 0 native plugins for Editor in 0.00 ms.
Unloading 1825 Unused Serialized files (Serialized files now loaded: 0)
System memory in use before: 98.4 MB.
System memory in use after: 98.5 MB.

Unloading 21 unused Assets to reduce memory usage. Loaded Objects now: 2280.
Total: 3.077800 ms (FindLiveObjects: 0.251600 ms CreateObjectMapping: 0.074400 ms MarkObjects: 2.648200 ms  DeleteObjects: 0.102400 ms)

AssetImportParameters requested are different than current active one (requested -> active):
  custom:framework-win-MediaFoundation: 216162199b28c13a410421893ffa2e32 -> 
  custom:video-decoder-ogg-theora: a1e56fd34408186e4bbccfd4996cb3dc -> 
  custom:container-muxer-webm: aa71ff27fc2769a1b78a27578f13a17b -> 
  custom:container-demuxer-webm: 4f35f7cbe854078d1ac9338744f61a02 -> 
  custom:container-demuxer-ogg: 62fdf1f143b41e24485cea50d1cbac27 -> 
  custom:video-encoder-webm-vp8: eb34c28f22e8b96e1ab97ce403110664 -> 
  custom:video-decoder-webm-vp8: 9c59270c3fd7afecdb556c50c9e8de78 -> 
  custom:audio-decoder-ogg-vorbis: bf7c407c2cedff20999df2af8eb42d56 -> 
  custom:audio-encoder-webm-vorbis: bf7c407c2cedff20999df2af8eb42d56 -> 
========================================================================
Received Import Request.
  path: Assets/Resources/banana.png
  artifactKey: Guid(280595749a7abe74cb3f24af95b158dd) Importer(815301076,1909f56bfc062723c751e8b465ee728b)
Start importing Assets/Resources/banana.png using Guid(280595749a7abe74cb3f24af95b158dd) Importer(815301076,1909f56bfc062723c751e8b465ee728b)  -> (artifact id: '648b10871dae92cb95cf50cc9c32e373') in 0.082548 seconds 
  Import took 0.085884 seconds .

========================================================================
Received Import Request.
  Time since last request: 0.000400 seconds.
  path: Assets/Resources/apple.png
  artifactKey: Guid(2af0c2c0aa1d98444b52aa6046b51576) Importer(815301076,1909f56bfc062723c751e8b465ee728b)
Start importing Assets/Resources/apple.png using Guid(2af0c2c0aa1d98444b52aa6046b51576) Importer(815301076,1909f56bfc062723c751e8b465ee728b)  -> (artifact id: '68b1c39735a6db31ab94de51334b220b') in 0.019882 seconds 
  Import took 0.023857 seconds .

========================================================================
Received Import Request.
  Time since last request: 510.535122 seconds.
  path: Assets/Resources/apple.jpg
  artifactKey: Guid(9df8223f3ad573e4fb6563e9ce4c72f5) Importer(815301076,1909f56bfc062723c751e8b465ee728b)
Start importing Assets/Resources/apple.jpg using Guid(9df8223f3ad573e4fb6563e9ce4c72f5) Importer(815301076,1909f56bfc062723c751e8b465ee728b)  -> (artifact id: '066e6e63ef0aa0f7ae5b592bcadb0281') in 0.024922 seconds 
  Import took 0.030386 seconds .

========================================================================
Received Import Request.
  Time since last request: 0.000321 seconds.
  path: Assets/Resources/banana.jpg
  artifactKey: Guid(50f53558f2bc38e4493454fd200e5518) Importer(815301076,1909f56bfc062723c751e8b465ee728b)
Start importing Assets/Resources/banana.jpg using Guid(50f53558f2bc38e4493454fd200e5518) Importer(815301076,1909f56bfc062723c751e8b465ee728b)  -> (artifact id: 'b1fda764fa9f33341d1d8f6a26c1169f') in 0.021328 seconds 
  Import took 0.031138 seconds .

========================================================================
Received Import Request.
  Time since last request: 14.761362 seconds.
  path: Assets/Prefabs/Image Traking/Reference Image Library.asset
  artifactKey: Guid(ac9d39838630c8a45962abfc60c39033) Importer(815301076,1909f56bfc062723c751e8b465ee728b)
Start importing Assets/Prefabs/Image Traking/Reference Image Library.asset using Guid(ac9d39838630c8a45962abfc60c39033) Importer(815301076,1909f56bfc062723c751e8b465ee728b)  -> (artifact id: 'a555246d6c9e9f82b11e86995c4dc8c5') in 0.032441 seconds 
  Import took 0.036172 seconds .

========================================================================
Received Import Request.
  Time since last request: 20.606857 seconds.
  path: Assets/Prefabs/Image Traking/Reference Image Library.asset
  artifactKey: Guid(ac9d39838630c8a45962abfc60c39033) Importer(815301076,1909f56bfc062723c751e8b465ee728b)
Start importing Assets/Prefabs/Image Traking/Reference Image Library.asset using Guid(ac9d39838630c8a45962abfc60c39033) Importer(815301076,1909f56bfc062723c751e8b465ee728b)  -> (artifact id: 'e622a79fa0ef3de929ecb0f7233c5a7b') in 0.021819 seconds 
  Import took 0.026028 seconds .

========================================================================
Received Prepare
Refreshing native plugins compatible for Editor in 4.39 ms, found 2 plugins.
Preloading 0 native plugins for Editor in 0.00 ms.
Unloading 14 Unused Serialized files (Serialized files now loaded: 0)
System memory in use before: 62.4 MB.
System memory in use after: 62.5 MB.

Unloading 13 unused Assets to reduce memory usage. Loaded Objects now: 2283.
Total: 3.626400 ms (FindLiveObjects: 0.267300 ms CreateObjectMapping: 0.078700 ms MarkObjects: 3.193300 ms  DeleteObjects: 0.085900 ms)

AssetImportParameters requested are different than current active one (requested -> active):
  custom:framework-win-MediaFoundation: 216162199b28c13a410421893ffa2e32 -> 
  custom:video-decoder-ogg-theora: a1e56fd34408186e4bbccfd4996cb3dc -> 
  custom:container-muxer-webm: aa71ff27fc2769a1b78a27578f13a17b -> 
  custom:container-demuxer-webm: 4f35f7cbe854078d1ac9338744f61a02 -> 
  custom:container-demuxer-ogg: 62fdf1f143b41e24485cea50d1cbac27 -> 
  custom:video-encoder-webm-vp8: eb34c28f22e8b96e1ab97ce403110664 -> 
  custom:video-decoder-webm-vp8: 9c59270c3fd7afecdb556c50c9e8de78 -> 
  custom:audio-decoder-ogg-vorbis: bf7c407c2cedff20999df2af8eb42d56 -> 
  custom:audio-encoder-webm-vorbis: bf7c407c2cedff20999df2af8eb42d56 -> 
========================================================================
Received Import Request.
  Time since last request: 259.157516 seconds.
  path: Assets/Scripts/ImageTracking.cs
  artifactKey: Guid(a7205b54f0ff6f84e8b86490af1e8958) Importer(815301076,1909f56bfc062723c751e8b465ee728b)
Start importing Assets/Scripts/ImageTracking.cs using Guid(a7205b54f0ff6f84e8b86490af1e8958) Importer(815301076,1909f56bfc062723c751e8b465ee728b)  -> (artifact id: 'fd3df0f8ad71fb57e7e09a6886771962') in 0.020627 seconds 
  Import took 0.025529 seconds .

========================================================================
Received Import Request.
  Time since last request: 517.795988 seconds.
  path: Assets/Scripts/ImageTracking.cs
  artifactKey: Guid(a7205b54f0ff6f84e8b86490af1e8958) Importer(815301076,1909f56bfc062723c751e8b465ee728b)
Start importing Assets/Scripts/ImageTracking.cs using Guid(a7205b54f0ff6f84e8b86490af1e8958) Importer(815301076,1909f56bfc062723c751e8b465ee728b)  -> (artifact id: 'c65201b1d08bf72f564bc5dff6d2655e') in 0.019141 seconds 
  Import took 0.035681 seconds .

========================================================================
Received Prepare
Registering precompiled user dll's ...
Registered in 0.012946 seconds.
Begin MonoManager ReloadAssembly
Native extension for WindowsStandalone target not found
Native extension for WebGL target not found
Refreshing native plugins compatible for Editor in 0.65 ms, found 2 plugins.
Preloading 0 native plugins for Editor in 0.00 ms.
Mono: successfully reloaded assembly
- Completed reload, in  2.124 seconds
Domain Reload Profiling:
	ReloadAssembly (2132ms)
		BeginReloadAssembly (794ms)
			ExecutionOrderSort (0ms)
			DisableScriptedObjects (69ms)
			BackupInstance (0ms)
			ReleaseScriptingObjects (0ms)
			CreateAndSetChildDomain (501ms)
		EndReloadAssembly (1242ms)
			LoadAssemblies (238ms)
			RebuildTransferFunctionScriptingTraits (0ms)
			SetupTypeCache (416ms)
			ReleaseScriptCaches (1ms)
			RebuildScriptCaches (44ms)
			SetupLoadedEditorAssemblies (395ms)
				LogAssemblyErrors (0ms)
				InitializePlatformSupportModulesInManaged (12ms)
				SetLoadedEditorAssemblies (1ms)
				RefreshPlugins (1ms)
				BeforeProcessingInitializeOnLoad (145ms)
				ProcessInitializeOnLoadAttributes (222ms)
				ProcessInitializeOnLoadMethodAttributes (4ms)
				AfterProcessingInitializeOnLoad (9ms)
				EditorAssembliesLoaded (1ms)
			ExecutionOrderSort2 (0ms)
			AwakeInstancesAfterBackupRestoration (9ms)
Platform modules already initialized, skipping
Switching build target platform(19) subTarget(0) extendedPlatform(0) -> platform(13) subTarget(589824) extendedPlatform(0)
Refreshing native plugins compatible for Editor in 0.53 ms, found 2 plugins.
Preloading 0 native plugins for Editor in 0.00 ms.
Unloading 1815 Unused Serialized files (Serialized files now loaded: 0)
System memory in use before: 97.9 MB.
System memory in use after: 98.0 MB.

Unloading 16 unused Assets to reduce memory usage. Loaded Objects now: 2287.
Total: 21.463700 ms (FindLiveObjects: 1.176500 ms CreateObjectMapping: 0.159100 ms MarkObjects: 18.937900 ms  DeleteObjects: 1.187300 ms)

AssetImportParameters requested are different than current active one (requested -> active):
  custom:framework-win-MediaFoundation: 216162199b28c13a410421893ffa2e32 -> 
  custom:video-decoder-ogg-theora: a1e56fd34408186e4bbccfd4996cb3dc -> 
  custom:container-muxer-webm: aa71ff27fc2769a1b78a27578f13a17b -> 
  custom:container-demuxer-webm: 4f35f7cbe854078d1ac9338744f61a02 -> 
  custom:container-demuxer-ogg: 62fdf1f143b41e24485cea50d1cbac27 -> 
  custom:video-encoder-webm-vp8: eb34c28f22e8b96e1ab97ce403110664 -> 
  custom:video-decoder-webm-vp8: 9c59270c3fd7afecdb556c50c9e8de78 -> 
  custom:graphics/normal-map-encoding: 01000000000000000000000000000000 -> 02000000000000000000000000000000
  custom:audio-decoder-ogg-vorbis: bf7c407c2cedff20999df2af8eb42d56 -> 
  custom:audio-encoder-webm-vorbis: bf7c407c2cedff20999df2af8eb42d56 -> 
========================================================================
Received Import Request.
  Time since last request: 19.408855 seconds.
  path: Assets/Scripts/ImageTracking.cs
  artifactKey: Guid(a7205b54f0ff6f84e8b86490af1e8958) Importer(815301076,1909f56bfc062723c751e8b465ee728b)
Start importing Assets/Scripts/ImageTracking.cs using Guid(a7205b54f0ff6f84e8b86490af1e8958) Importer(815301076,1909f56bfc062723c751e8b465ee728b)  -> (artifact id: '6365c83d2d9fd829b3ab6471e983a708') in 0.008158 seconds 
  Import took 0.013341 seconds .

========================================================================
Received Import Request.
  Time since last request: 0.060800 seconds.
  path: Assets/Scripts/ImageTracking.cs
  artifactKey: Guid(a7205b54f0ff6f84e8b86490af1e8958) Importer(815301076,1909f56bfc062723c751e8b465ee728b)
Start importing Assets/Scripts/ImageTracking.cs using Guid(a7205b54f0ff6f84e8b86490af1e8958) Importer(815301076,1909f56bfc062723c751e8b465ee728b)  -> (artifact id: '6365c83d2d9fd829b3ab6471e983a708') in 0.004929 seconds 
  Import took 0.010903 seconds .

========================================================================
Received Prepare
Registering precompiled user dll's ...
Registered in 0.012733 seconds.
Begin MonoManager ReloadAssembly
Native extension for WindowsStandalone target not found
Native extension for WebGL target not found
Refreshing native plugins compatible for Editor in 0.50 ms, found 2 plugins.
Preloading 0 native plugins for Editor in 0.00 ms.
Mono: successfully reloaded assembly
- Completed reload, in  1.380 seconds
Domain Reload Profiling:
	ReloadAssembly (1381ms)
		BeginReloadAssembly (170ms)
			ExecutionOrderSort (0ms)
			DisableScriptedObjects (4ms)
			BackupInstance (0ms)
			ReleaseScriptingObjects (0ms)
			CreateAndSetChildDomain (47ms)
		EndReloadAssembly (1129ms)
			LoadAssemblies (134ms)
			RebuildTransferFunctionScriptingTraits (0ms)
			SetupTypeCache (324ms)
			ReleaseScriptCaches (1ms)
			RebuildScriptCaches (45ms)
			SetupLoadedEditorAssemblies (496ms)
				LogAssemblyErrors (0ms)
				InitializePlatformSupportModulesInManaged (8ms)
				SetLoadedEditorAssemblies (0ms)
				RefreshPlugins (1ms)
				BeforeProcessingInitializeOnLoad (153ms)
				ProcessInitializeOnLoadAttributes (315ms)
				ProcessInitializeOnLoadMethodAttributes (5ms)
				AfterProcessingInitializeOnLoad (13ms)
				EditorAssembliesLoaded (0ms)
			ExecutionOrderSort2 (0ms)
			AwakeInstancesAfterBackupRestoration (10ms)
Platform modules already initialized, skipping
Switching build target platform(19) subTarget(0) extendedPlatform(0) -> platform(13) subTarget(589824) extendedPlatform(0)
Refreshing native plugins compatible for Editor in 0.53 ms, found 2 plugins.
Preloading 0 native plugins for Editor in 0.00 ms.
Unloading 1815 Unused Serialized files (Serialized files now loaded: 0)
System memory in use before: 97.9 MB.
System memory in use after: 98.0 MB.

Unloading 16 unused Assets to reduce memory usage. Loaded Objects now: 2291.
Total: 4.109100 ms (FindLiveObjects: 0.376200 ms CreateObjectMapping: 0.152700 ms MarkObjects: 3.476000 ms  DeleteObjects: 0.099200 ms)

AssetImportParameters requested are different than current active one (requested -> active):
  custom:framework-win-MediaFoundation: 216162199b28c13a410421893ffa2e32 -> 
  custom:video-decoder-ogg-theora: a1e56fd34408186e4bbccfd4996cb3dc -> 
  custom:container-muxer-webm: aa71ff27fc2769a1b78a27578f13a17b -> 
  custom:container-demuxer-webm: 4f35f7cbe854078d1ac9338744f61a02 -> 
  custom:container-demuxer-ogg: 62fdf1f143b41e24485cea50d1cbac27 -> 
  custom:video-encoder-webm-vp8: eb34c28f22e8b96e1ab97ce403110664 -> 
  custom:video-decoder-webm-vp8: 9c59270c3fd7afecdb556c50c9e8de78 -> 
  custom:graphics/normal-map-encoding: 01000000000000000000000000000000 -> 02000000000000000000000000000000
  custom:audio-decoder-ogg-vorbis: bf7c407c2cedff20999df2af8eb42d56 -> 
  custom:audio-encoder-webm-vorbis: bf7c407c2cedff20999df2af8eb42d56 -> 
========================================================================
Received Import Request.
  Time since last request: 7.957135 seconds.
  path: Assets/Scripts/ImageTracking.cs
  artifactKey: Guid(a7205b54f0ff6f84e8b86490af1e8958) Importer(815301076,1909f56bfc062723c751e8b465ee728b)
Start importing Assets/Scripts/ImageTracking.cs using Guid(a7205b54f0ff6f84e8b86490af1e8958) Importer(815301076,1909f56bfc062723c751e8b465ee728b)  -> (artifact id: '2f5a553d35fadec925d5c5c809409bd4') in 0.015870 seconds 
  Import took 0.020687 seconds .

========================================================================
Received Import Request.
  Time since last request: 0.058855 seconds.
  path: Assets/Scripts/ImageTracking.cs
  artifactKey: Guid(a7205b54f0ff6f84e8b86490af1e8958) Importer(815301076,1909f56bfc062723c751e8b465ee728b)
Start importing Assets/Scripts/ImageTracking.cs using Guid(a7205b54f0ff6f84e8b86490af1e8958) Importer(815301076,1909f56bfc062723c751e8b465ee728b)  -> (artifact id: '2f5a553d35fadec925d5c5c809409bd4') in 0.004575 seconds 
  Import took 0.008441 seconds .

========================================================================
Received Prepare
Registering precompiled user dll's ...
Registered in 0.005706 seconds.
Begin MonoManager ReloadAssembly
Native extension for WindowsStandalone target not found
Native extension for WebGL target not found
Refreshing native plugins compatible for Editor in 0.57 ms, found 2 plugins.
Preloading 0 native plugins for Editor in 0.00 ms.
Mono: successfully reloaded assembly
- Completed reload, in  1.236 seconds
Domain Reload Profiling:
	ReloadAssembly (1237ms)
		BeginReloadAssembly (134ms)
			ExecutionOrderSort (0ms)
			DisableScriptedObjects (5ms)
			BackupInstance (0ms)
			ReleaseScriptingObjects (0ms)
			CreateAndSetChildDomain (35ms)
		EndReloadAssembly (1019ms)
			LoadAssemblies (117ms)
			RebuildTransferFunctionScriptingTraits (0ms)
			SetupTypeCache (362ms)
			ReleaseScriptCaches (1ms)
			RebuildScriptCaches (44ms)
			SetupLoadedEditorAssemblies (354ms)
				LogAssemblyErrors (0ms)
				InitializePlatformSupportModulesInManaged (6ms)
				SetLoadedEditorAssemblies (0ms)
				RefreshPlugins (1ms)
				BeforeProcessingInitializeOnLoad (132ms)
				ProcessInitializeOnLoadAttributes (200ms)
				ProcessInitializeOnLoadMethodAttributes (4ms)
				AfterProcessingInitializeOnLoad (11ms)
				EditorAssembliesLoaded (0ms)
			ExecutionOrderSort2 (0ms)
			AwakeInstancesAfterBackupRestoration (7ms)
Platform modules already initialized, skipping
Switching build target platform(19) subTarget(0) extendedPlatform(0) -> platform(13) subTarget(589824) extendedPlatform(0)
Refreshing native plugins compatible for Editor in 0.48 ms, found 2 plugins.
Preloading 0 native plugins for Editor in 0.00 ms.
Unloading 1815 Unused Serialized files (Serialized files now loaded: 0)
System memory in use before: 97.9 MB.
System memory in use after: 98.0 MB.

Unloading 16 unused Assets to reduce memory usage. Loaded Objects now: 2295.
Total: 3.404900 ms (FindLiveObjects: 0.332300 ms CreateObjectMapping: 0.127900 ms MarkObjects: 2.841100 ms  DeleteObjects: 0.101200 ms)

AssetImportParameters requested are different than current active one (requested -> active):
  custom:framework-win-MediaFoundation: 216162199b28c13a410421893ffa2e32 -> 
  custom:video-decoder-ogg-theora: a1e56fd34408186e4bbccfd4996cb3dc -> 
  custom:container-muxer-webm: aa71ff27fc2769a1b78a27578f13a17b -> 
  custom:container-demuxer-webm: 4f35f7cbe854078d1ac9338744f61a02 -> 
  custom:container-demuxer-ogg: 62fdf1f143b41e24485cea50d1cbac27 -> 
  custom:video-encoder-webm-vp8: eb34c28f22e8b96e1ab97ce403110664 -> 
  custom:video-decoder-webm-vp8: 9c59270c3fd7afecdb556c50c9e8de78 -> 
  custom:graphics/normal-map-encoding: 01000000000000000000000000000000 -> 02000000000000000000000000000000
  custom:audio-decoder-ogg-vorbis: bf7c407c2cedff20999df2af8eb42d56 -> 
  custom:audio-encoder-webm-vorbis: bf7c407c2cedff20999df2af8eb42d56 -> 
========================================================================
Received Import Request.
  Time since last request: 464.293408 seconds.
  path: Assets/Prefabs/Image Traking/apple.prefab
  artifactKey: Guid(6836013684f2dab4fa77498e2a3b0161) Importer(815301076,1909f56bfc062723c751e8b465ee728b)
Start importing Assets/Prefabs/Image Traking/apple.prefab using Guid(6836013684f2dab4fa77498e2a3b0161) Importer(815301076,1909f56bfc062723c751e8b465ee728b)  -> (artifact id: '7a27f6bbb0cb4b4b6bb1e18f82f773e1') in 0.854129 seconds 
  Import took 0.867326 seconds .

========================================================================
Received Import Request.
  Time since last request: 11.323474 seconds.
  path: Assets/Prefabs/Image Traking/banana.prefab
  artifactKey: Guid(86febbe585679ac4095a0b8aca1285b9) Importer(815301076,1909f56bfc062723c751e8b465ee728b)
Start importing Assets/Prefabs/Image Traking/banana.prefab using Guid(86febbe585679ac4095a0b8aca1285b9) Importer(815301076,1909f56bfc062723c751e8b465ee728b)  -> (artifact id: '8557d8c5e72454604e996490b16b4bfa') in 0.192358 seconds 
  Import took 0.202548 seconds .

========================================================================
Received Import Request.
  Time since last request: 25.148079 seconds.
  path: Assets/PolygonPrototype/Models/Character_FPSHands_01.fbx
  artifactKey: Guid(3c34d2567f522774bb262a3cfdbc15ae) Importer(815301076,1909f56bfc062723c751e8b465ee728b)
Start importing Assets/PolygonPrototype/Models/Character_FPSHands_01.fbx using Guid(3c34d2567f522774bb262a3cfdbc15ae) Importer(815301076,1909f56bfc062723c751e8b465ee728b)  -> (artifact id: '0af053f748dbc51b47a2dbf165dc3895') in 0.302803 seconds 
  Import took 0.312400 seconds .

========================================================================
Received Import Request.
  Time since last request: 0.000562 seconds.
  path: Assets/PolygonPrototype/Models/FOV.fbx
  artifactKey: Guid(6c71607f5442ec140a9649456733c939) Importer(815301076,1909f56bfc062723c751e8b465ee728b)
Start importing Assets/PolygonPrototype/Models/FOV.fbx using Guid(6c71607f5442ec140a9649456733c939) Importer(815301076,1909f56bfc062723c751e8b465ee728b)  -> (artifact id: '9ae85622a59af666c2d1762f00a3b687') in 0.059435 seconds 
  Import took 0.067780 seconds .

========================================================================
Received Import Request.
  Time since last request: 0.000407 seconds.
  path: Assets/PolygonPrototype/Models/SM_Buildings_FloorAngle_2x2_01.fbx
  artifactKey: Guid(5718d656de0048e4695d21aa67507aea) Importer(815301076,1909f56bfc062723c751e8b465ee728b)
Start importing Assets/PolygonPrototype/Models/SM_Buildings_FloorAngle_2x2_01.fbx using Guid(5718d656de0048e4695d21aa67507aea) Importer(815301076,1909f56bfc062723c751e8b465ee728b)  -> (artifact id: '7a6deed870658927bdda17a590337b44') in 0.043315 seconds 
  Import took 0.049179 seconds .

========================================================================
Received Import Request.
  Time since last request: 0.000473 seconds.
  path: Assets/PolygonPrototype/Models/SM_Buildings_Block_1x1_01.fbx
  artifactKey: Guid(caed417d0c17a134696ff2ef8b52a764) Importer(815301076,1909f56bfc062723c751e8b465ee728b)
Start importing Assets/PolygonPrototype/Models/SM_Buildings_Block_1x1_01.fbx using Guid(caed417d0c17a134696ff2ef8b52a764) Importer(815301076,1909f56bfc062723c751e8b465ee728b)  -> (artifact id: 'f3fd75f18c7965f84aa06bd8046a8e91') in 0.048893 seconds 
  Import took 0.055028 seconds .

========================================================================
Received Import Request.
  Time since last request: 0.000728 seconds.
  path: Assets/PolygonPrototype/Models/SM_Buildings_Floor_2x2_01P.fbx
  artifactKey: Guid(9f00cae941aaaa142ade9d9171b47d06) Importer(815301076,1909f56bfc062723c751e8b465ee728b)
Start importing Assets/PolygonPrototype/Models/SM_Buildings_Floor_2x2_01P.fbx using Guid(9f00cae941aaaa142ade9d9171b47d06) Importer(815301076,1909f56bfc062723c751e8b465ee728b)  -> (artifact id: '4ba63267ac7562d26d75cd5569e12188') in 0.045030 seconds 
  Import took 0.051726 seconds .

========================================================================
Received Import Request.
  Time since last request: 0.000549 seconds.
  path: Assets/PolygonPrototype/Models/SM_Buildings_FloorCurved_1x1_01.fbx
  artifactKey: Guid(5d36a7f2cc18ba347b8ed5ef83b06f7f) Importer(815301076,1909f56bfc062723c751e8b465ee728b)
Start importing Assets/PolygonPrototype/Models/SM_Buildings_FloorCurved_1x1_01.fbx using Guid(5d36a7f2cc18ba347b8ed5ef83b06f7f) Importer(815301076,1909f56bfc062723c751e8b465ee728b)  -> (artifact id: 'a66f6da569df9c6934e4f5a766002687') in 0.047755 seconds 
  Import took 0.055775 seconds .

========================================================================
Received Import Request.
  Time since last request: 0.000556 seconds.
  path: Assets/PolygonPrototype/Models/SM_Buildings_FloorCurved_2x2_01.fbx
  artifactKey: Guid(bd902f01c4ca3f04188be29e5572ced3) Importer(815301076,1909f56bfc062723c751e8b465ee728b)
Start importing Assets/PolygonPrototype/Models/SM_Buildings_FloorCurved_2x2_01.fbx using Guid(bd902f01c4ca3f04188be29e5572ced3) Importer(815301076,1909f56bfc062723c751e8b465ee728b)  -> (artifact id: 'f01e0f138575e8b4c84ea89309962b12') in 0.062910 seconds 
  Import took 0.071470 seconds .

========================================================================
Received Import Request.
  Time since last request: 0.000750 seconds.
  path: Assets/PolygonPrototype/Models
  artifactKey: Guid(a7e286d2d69bb5c45b1c011205ae3b8d) Importer(815301076,1909f56bfc062723c751e8b465ee728b)
Start importing Assets/PolygonPrototype/Models using Guid(a7e286d2d69bb5c45b1c011205ae3b8d) Importer(815301076,1909f56bfc062723c751e8b465ee728b)  -> (artifact id: '9cd9a71fd7d878ce8e488a480b2648e4') in 0.029436 seconds 
  Import took 0.040947 seconds .

========================================================================
Received Import Request.
  Time since last request: 0.000648 seconds.
  path: Assets/PolygonPrototype/Models/SM_Buildings_Column_2x3_01.fbx
  artifactKey: Guid(b45e496b386039141af15f243dd3ac22) Importer(815301076,1909f56bfc062723c751e8b465ee728b)
Start importing Assets/PolygonPrototype/Models/SM_Buildings_Column_2x3_01.fbx using Guid(b45e496b386039141af15f243dd3ac22) Importer(815301076,1909f56bfc062723c751e8b465ee728b)  -> (artifact id: 'd713fcf847d7658d0702ba0b2a0812f4') in 0.073320 seconds 
  Import took 0.087354 seconds .

========================================================================
Received Import Request.
  Time since last request: 0.000701 seconds.
  path: Assets/PolygonPrototype/Models/Character_FPSHands_02.fbx
  artifactKey: Guid(dacb33b4a6c2e3e4486be79c593a23e4) Importer(815301076,1909f56bfc062723c751e8b465ee728b)
Start importing Assets/PolygonPrototype/Models/Character_FPSHands_02.fbx using Guid(dacb33b4a6c2e3e4486be79c593a23e4) Importer(815301076,1909f56bfc062723c751e8b465ee728b)  -> (artifact id: 'c3090d7122ca1580c2fe67c50d44abe5') in 0.543419 seconds 
  Import took 0.564064 seconds .

========================================================================
Received Import Request.
  Time since last request: 0.001073 seconds.
  path: Assets/PolygonPrototype/Models/SM_Buildings_FloorAngle_1x1_01.fbx
  artifactKey: Guid(27251a3b0808c064a89b5b5b34aa6674) Importer(815301076,1909f56bfc062723c751e8b465ee728b)
Start importing Assets/PolygonPrototype/Models/SM_Buildings_FloorAngle_1x1_01.fbx using Guid(27251a3b0808c064a89b5b5b34aa6674) Importer(815301076,1909f56bfc062723c751e8b465ee728b)  -> (artifact id: '71ce260d991651d61489f8929c327046') in 0.128323 seconds 
  Import took 0.143021 seconds .

========================================================================
Received Import Request.
  Time since last request: 0.000400 seconds.
  path: Assets/PolygonPrototype/Models/SM_Buildings_Block_1x1_02.fbx
  artifactKey: Guid(d6432d0969107d640bf77b6507ea972d) Importer(815301076,1909f56bfc062723c751e8b465ee728b)
Start importing Assets/PolygonPrototype/Models/SM_Buildings_Block_1x1_02.fbx using Guid(d6432d0969107d640bf77b6507ea972d) Importer(815301076,1909f56bfc062723c751e8b465ee728b)  -> (artifact id: 'dcce2734362b1b86da126eb02c534bdb') in 0.058442 seconds 
  Import took 0.068124 seconds .

========================================================================
Received Import Request.
  Time since last request: 0.000496 seconds.
  path: Assets/PolygonPrototype/Models/SM_Buildings_Column_2x3_01P.fbx
  artifactKey: Guid(e939321fba13eac4e8154147baf7b90f) Importer(815301076,1909f56bfc062723c751e8b465ee728b)
Start importing Assets/PolygonPrototype/Models/SM_Buildings_Column_2x3_01P.fbx using Guid(e939321fba13eac4e8154147baf7b90f) Importer(815301076,1909f56bfc062723c751e8b465ee728b)  -> (artifact id: '7c8665860a752bd86ecd1f401be65de6') in 0.066090 seconds 
  Import took 0.075496 seconds .

========================================================================
Received Import Request.
  Time since last request: 0.000490 seconds.
  path: Assets/PolygonPrototype/Models/SM_Buildings_Door_01P.fbx
  artifactKey: Guid(8dd0cf6ebf9ba9b4fb214e7bf6bda493) Importer(815301076,1909f56bfc062723c751e8b465ee728b)
Start importing Assets/PolygonPrototype/Models/SM_Buildings_Door_01P.fbx using Guid(8dd0cf6ebf9ba9b4fb214e7bf6bda493) Importer(815301076,1909f56bfc062723c751e8b465ee728b)  -> (artifact id: 'a96d73b1df28605bd704e6dc60dc6a4d') in 0.056792 seconds 
  Import took 0.066834 seconds .

========================================================================
Received Import Request.
  Time since last request: 0.000528 seconds.
  path: Assets/PolygonPrototype/Models/SM_Buildings_Column_1x3_01P.fbx
  artifactKey: Guid(2efeb3cf1e1bb324ea1451eb66da2407) Importer(815301076,1909f56bfc062723c751e8b465ee728b)
Start importing Assets/PolygonPrototype/Models/SM_Buildings_Column_1x3_01P.fbx using Guid(2efeb3cf1e1bb324ea1451eb66da2407) Importer(815301076,1909f56bfc062723c751e8b465ee728b)  -> (artifact id: '346a6e2ff638c13901eb623a7742f476') in 0.056094 seconds 
  Import took 0.066395 seconds .

========================================================================
Received Import Request.
  Time since last request: 0.000499 seconds.
  path: Assets/PolygonPrototype/Models/SM_Buildings_FloorAngle_1x1_01P.fbx
  artifactKey: Guid(4984bd6409c68b741b7d860318f764e3) Importer(815301076,1909f56bfc062723c751e8b465ee728b)
Start importing Assets/PolygonPrototype/Models/SM_Buildings_FloorAngle_1x1_01P.fbx using Guid(4984bd6409c68b741b7d860318f764e3) Importer(815301076,1909f56bfc062723c751e8b465ee728b)  -> (artifact id: '4463468c211b30a7ae2f79302a413804') in 0.053054 seconds 
  Import took 0.061838 seconds .

========================================================================
Received Import Request.
  Time since last request: 0.000503 seconds.
  path: Assets/PolygonPrototype/Models/Characters.fbx
  artifactKey: Guid(b5f71c859f9f9bf41badda8a4650082c) Importer(815301076,1909f56bfc062723c751e8b465ee728b)
Start importing Assets/PolygonPrototype/Models/Characters.fbx using Guid(b5f71c859f9f9bf41badda8a4650082c) Importer(815301076,1909f56bfc062723c751e8b465ee728b)  -> (artifact id: '122021bb4241d772ecfe7dee928929ac') in 0.295869 seconds 
  Import took 0.307145 seconds .

========================================================================
Received Import Request.
  Time since last request: 0.000894 seconds.
  path: Assets/PolygonPrototype/Models/SM_Buildings_Floor_1x1_01.fbx
  artifactKey: Guid(bef96b6e1cd37444fa6937ae99361014) Importer(815301076,1909f56bfc062723c751e8b465ee728b)
Start importing Assets/PolygonPrototype/Models/SM_Buildings_Floor_1x1_01.fbx using Guid(bef96b6e1cd37444fa6937ae99361014) Importer(815301076,1909f56bfc062723c751e8b465ee728b)  -> (artifact id: 'c3c8cd63f7ed3774e8edffcbfdaebb71') in 0.086990 seconds 
  Import took 0.111208 seconds .

========================================================================
Received Import Request.
  Time since last request: 0.000817 seconds.
  path: Assets/PolygonPrototype/Models/SM_Buildings_DoorFrame_01.fbx
  artifactKey: Guid(c7bd79f25c690294f893f8905d2264f5) Importer(815301076,1909f56bfc062723c751e8b465ee728b)
Start importing Assets/PolygonPrototype/Models/SM_Buildings_DoorFrame_01.fbx using Guid(c7bd79f25c690294f893f8905d2264f5) Importer(815301076,1909f56bfc062723c751e8b465ee728b)  -> (artifact id: '74d204588e11e77d0e98c28e3e51bf99') in 0.095844 seconds 
  Import took 0.112279 seconds .

========================================================================
Received Import Request.
  Time since last request: 0.000858 seconds.
  path: Assets/PolygonPrototype/Models/SM_Buildings_Column_1x3_01.fbx
  artifactKey: Guid(f75e2e3dd3c0f7847b6e3d95f101e29a) Importer(815301076,1909f56bfc062723c751e8b465ee728b)
Start importing Assets/PolygonPrototype/Models/SM_Buildings_Column_1x3_01.fbx using Guid(f75e2e3dd3c0f7847b6e3d95f101e29a) Importer(815301076,1909f56bfc062723c751e8b465ee728b)  -> (artifact id: 'db20b601135198dc05f3679a7c0bd094') in 0.101735 seconds 
  Import took 0.115316 seconds .

========================================================================
Received Import Request.
  Time since last request: 0.001128 seconds.
  path: Assets/PolygonPrototype/Models/SM_Buildings_Door_01.fbx
  artifactKey: Guid(c65f1edc3379dbf448438ab0b5e0292a) Importer(815301076,1909f56bfc062723c751e8b465ee728b)
Start importing Assets/PolygonPrototype/Models/SM_Buildings_Door_01.fbx using Guid(c65f1edc3379dbf448438ab0b5e0292a) Importer(815301076,1909f56bfc062723c751e8b465ee728b)  -> (artifact id: '40031d3c039afaf220c92459d447bbfd') in 0.076273 seconds 
  Import took 0.088956 seconds .

========================================================================
Received Import Request.
  Time since last request: 0.000609 seconds.
  path: Assets/PolygonPrototype/Models/SM_Buildings_FloorAngle_5x5_01.fbx
  artifactKey: Guid(f16a5273d4eb0ed49b1700bbd23d4876) Importer(815301076,1909f56bfc062723c751e8b465ee728b)
Start importing Assets/PolygonPrototype/Models/SM_Buildings_FloorAngle_5x5_01.fbx using Guid(f16a5273d4eb0ed49b1700bbd23d4876) Importer(815301076,1909f56bfc062723c751e8b465ee728b)  -> (artifact id: '7a2195a7b6ad0229f0613d3c60854333') in 0.069266 seconds 
  Import took 0.082633 seconds .

========================================================================
Received Import Request.
  Time since last request: 0.000656 seconds.
  path: Assets/PolygonPrototype/Models/SM_Buildings_FloorAngle_5x5_01P.fbx
  artifactKey: Guid(d16b3e6cb92f61449980843d1c320717) Importer(815301076,1909f56bfc062723c751e8b465ee728b)
Start importing Assets/PolygonPrototype/Models/SM_Buildings_FloorAngle_5x5_01P.fbx using Guid(d16b3e6cb92f61449980843d1c320717) Importer(815301076,1909f56bfc062723c751e8b465ee728b)  -> (artifact id: '090e5b92e0a643ee5e95af3c1a72479e') in 0.048723 seconds 
  Import took 0.060956 seconds .

========================================================================
Received Import Request.
  Time since last request: 0.000415 seconds.
  path: Assets/PolygonPrototype/Models/SM_Buildings_Floor_1x1_01P.fbx
  artifactKey: Guid(a967d43d87a0d7e468908e6ff4645e71) Importer(815301076,1909f56bfc062723c751e8b465ee728b)
Start importing Assets/PolygonPrototype/Models/SM_Buildings_Floor_1x1_01P.fbx using Guid(a967d43d87a0d7e468908e6ff4645e71) Importer(815301076,1909f56bfc062723c751e8b465ee728b)  -> (artifact id: '9db4dd7cc4ec6c159c1fa93ce72fa674') in 0.047868 seconds 
  Import took 0.056823 seconds .

========================================================================
Received Import Request.
  Time since last request: 0.000451 seconds.
  path: Assets/PolygonPrototype/Models/SM_Buildings_DoorFrame_01P.fbx
  artifactKey: Guid(53c270d943ecb814ebf270977caf95a6) Importer(815301076,1909f56bfc062723c751e8b465ee728b)
Start importing Assets/PolygonPrototype/Models/SM_Buildings_DoorFrame_01P.fbx using Guid(53c270d943ecb814ebf270977caf95a6) Importer(815301076,1909f56bfc062723c751e8b465ee728b)  -> (artifact id: '2dec2e7f70825262309f64eaa71161ee') in 0.048943 seconds 
  Import took 0.056830 seconds .

========================================================================
Received Import Request.
  Time since last request: 0.000474 seconds.
  path: Assets/PolygonPrototype/Models/SM_Buildings_Block_1x1_01P.fbx
  artifactKey: Guid(4271e1f51cf274c499b8283b04da0c03) Importer(815301076,1909f56bfc062723c751e8b465ee728b)
Start importing Assets/PolygonPrototype/Models/SM_Buildings_Block_1x1_01P.fbx using Guid(4271e1f51cf274c499b8283b04da0c03) Importer(815301076,1909f56bfc062723c751e8b465ee728b)  -> (artifact id: 'c82146a5559401e4fb151250022af24b') in 0.050875 seconds 
  Import took 0.060971 seconds .

========================================================================
Received Import Request.
  Time since last request: 0.000538 seconds.
  path: Assets/PolygonPrototype/Models/SM_Buildings_FloorCurved_1x1_01P.fbx
  artifactKey: Guid(80362ab97d7d00b4aa3e29813bbde786) Importer(815301076,1909f56bfc062723c751e8b465ee728b)
Start importing Assets/PolygonPrototype/Models/SM_Buildings_FloorCurved_1x1_01P.fbx using Guid(80362ab97d7d00b4aa3e29813bbde786) Importer(815301076,1909f56bfc062723c751e8b465ee728b)  -> (artifact id: 'b80d54e14d992bbfd32b19da131f704b') in 0.056460 seconds 
  Import took 0.080948 seconds .

========================================================================
Received Import Request.
  Time since last request: 0.000193 seconds.
  path: Assets/PolygonPrototype/Models/SM_Buildings_Floor_2x2_01.fbx
  artifactKey: Guid(65ebb9950643af640a5070a9367992d1) Importer(815301076,1909f56bfc062723c751e8b465ee728b)
Start importing Assets/PolygonPrototype/Models/SM_Buildings_Floor_2x2_01.fbx using Guid(65ebb9950643af640a5070a9367992d1) Importer(815301076,1909f56bfc062723c751e8b465ee728b)  -> (artifact id: '575e23c5db9240c0a676d45aceb1b1a0') in 0.050008 seconds 
  Import took 0.062929 seconds .

========================================================================
Received Import Request.
  Time since last request: 0.000484 seconds.
  path: Assets/PolygonPrototype/Models/SM_Buildings_Floor_5x5_01P.fbx
  artifactKey: Guid(dd9a02aea57eba148b3b2a1404bf194f) Importer(815301076,1909f56bfc062723c751e8b465ee728b)
Start importing Assets/PolygonPrototype/Models/SM_Buildings_Floor_5x5_01P.fbx using Guid(dd9a02aea57eba148b3b2a1404bf194f) Importer(815301076,1909f56bfc062723c751e8b465ee728b)  -> (artifact id: '054fc170e50aff95fcabd77363f24178') in 0.058401 seconds 
  Import took 0.067168 seconds .

========================================================================
Received Import Request.
  Time since last request: 0.000536 seconds.
  path: Assets/PolygonPrototype/Models/SM_Buildings_Floor_5x5_01.fbx
  artifactKey: Guid(1814c5a2e1817d745a0616837e37dd7b) Importer(815301076,1909f56bfc062723c751e8b465ee728b)
Start importing Assets/PolygonPrototype/Models/SM_Buildings_Floor_5x5_01.fbx using Guid(1814c5a2e1817d745a0616837e37dd7b) Importer(815301076,1909f56bfc062723c751e8b465ee728b)  -> (artifact id: '4720488058160d3b91e11a12a7a12761') in 0.059832 seconds 
  Import took 0.069925 seconds .

========================================================================
Received Import Request.
  Time since last request: 0.000402 seconds.
  path: Assets/PolygonPrototype/Models/SM_Buildings_FloorAngle_2x2_01P.fbx
  artifactKey: Guid(f6345c5ffba7efc4eb81aef2671a8761) Importer(815301076,1909f56bfc062723c751e8b465ee728b)
Start importing Assets/PolygonPrototype/Models/SM_Buildings_FloorAngle_2x2_01P.fbx using Guid(f6345c5ffba7efc4eb81aef2671a8761) Importer(815301076,1909f56bfc062723c751e8b465ee728b)  -> (artifact id: '8bbfec81e15f8d7a2e92e121101b4897') in 0.117736 seconds 
  Import took 0.128475 seconds .

========================================================================
Received Import Request.
  Time since last request: 0.000611 seconds.
  path: Assets/PolygonPrototype/Models/SM_Buildings_Floor_5x5_01.fbx
  artifactKey: Guid(1814c5a2e1817d745a0616837e37dd7b) Importer(815301076,1909f56bfc062723c751e8b465ee728b)
Start importing Assets/PolygonPrototype/Models/SM_Buildings_Floor_5x5_01.fbx using Guid(1814c5a2e1817d745a0616837e37dd7b) Importer(815301076,1909f56bfc062723c751e8b465ee728b)  -> (artifact id: '4720488058160d3b91e11a12a7a12761') in 0.039591 seconds 
  Import took 0.059082 seconds .

========================================================================
Received Import Request.
  Time since last request: 1.327618 seconds.
  path: Assets/PolygonPrototype/Textures/PolygonPrototype_Texture_01.png
  artifactKey: Guid(86cb957541c7c8542a6306ffb82e6833) Importer(815301076,1909f56bfc062723c751e8b465ee728b)
Start importing Assets/PolygonPrototype/Textures/PolygonPrototype_Texture_01.png using Guid(86cb957541c7c8542a6306ffb82e6833) Importer(815301076,1909f56bfc062723c751e8b465ee728b)  -> (artifact id: '6765078767a13b7a1c2bb67dc838ccb2') in 0.241451 seconds 
  Import took 0.253348 seconds .

========================================================================
Received Import Request.
  Time since last request: 0.000616 seconds.
  path: Assets/PolygonPrototype/Textures/PolygonPrototype_Texture_08.png
  artifactKey: Guid(ddab983e2c69e254983f35d0ef86f336) Importer(815301076,1909f56bfc062723c751e8b465ee728b)
Start importing Assets/PolygonPrototype/Textures/PolygonPrototype_Texture_08.png using Guid(ddab983e2c69e254983f35d0ef86f336) Importer(815301076,1909f56bfc062723c751e8b465ee728b)  -> (artifact id: '9ce7d63adc6a94b8057c8f8ec7ebb72a') in 0.176654 seconds 
  Import took 0.186127 seconds .

========================================================================
Received Import Request.
  Time since last request: 0.000533 seconds.
  path: Assets/PolygonPrototype/Textures/PolygonPrototype_Texture_Metallic.tga
  artifactKey: Guid(9dec2143ea353f54797f8eb01cf46827) Importer(815301076,1909f56bfc062723c751e8b465ee728b)
Start importing Assets/PolygonPrototype/Textures/PolygonPrototype_Texture_Metallic.tga using Guid(9dec2143ea353f54797f8eb01cf46827) Importer(815301076,1909f56bfc062723c751e8b465ee728b)  -> (artifact id: 'b01f0afd2e6be62c1d4fd7e85d4e01be') in 0.080843 seconds 
  Import took 0.089292 seconds .

========================================================================
Received Import Request.
  Time since last request: 0.000615 seconds.
  path: Assets/PolygonPrototype/Textures/PolygonPrototype_Texture_Grid_01.png
  artifactKey: Guid(2a09470ada0c47849ad79d26363f8e4a) Importer(815301076,1909f56bfc062723c751e8b465ee728b)
Start importing Assets/PolygonPrototype/Textures/PolygonPrototype_Texture_Grid_01.png using Guid(2a09470ada0c47849ad79d26363f8e4a) Importer(815301076,1909f56bfc062723c751e8b465ee728b)  -> (artifact id: 'ea316efb785b6d9e1849152d77963e73') in 0.072627 seconds 
  Import took 0.081155 seconds .

========================================================================
Received Import Request.
  Time since last request: 0.000581 seconds.
  path: Assets/PolygonPrototype/Textures/PolygonPrototype_Texture_05.png
  artifactKey: Guid(df7c0e6cf8f64a44ea359c778e386616) Importer(815301076,1909f56bfc062723c751e8b465ee728b)
Start importing Assets/PolygonPrototype/Textures/PolygonPrototype_Texture_05.png using Guid(df7c0e6cf8f64a44ea359c778e386616) Importer(815301076,1909f56bfc062723c751e8b465ee728b)  -> (artifact id: '6bbecc015793240396ee6e4713257c96') in 0.208162 seconds 
  Import took 0.221299 seconds .

========================================================================
Received Import Request.
  Time since last request: 0.000812 seconds.
  path: Assets/PolygonPrototype/Textures/PolygonPrototype_Texture_06.png
  artifactKey: Guid(39e6fbca0660715408ee44a3391e9b29) Importer(815301076,1909f56bfc062723c751e8b465ee728b)
Start importing Assets/PolygonPrototype/Textures/PolygonPrototype_Texture_06.png using Guid(39e6fbca0660715408ee44a3391e9b29) Importer(815301076,1909f56bfc062723c751e8b465ee728b)  -> (artifact id: 'efef8c0f014b40e87b1ee48149a140c7') in 0.175009 seconds 
  Import took 0.192390 seconds .

========================================================================
Received Import Request.
  Time since last request: 0.000822 seconds.
  path: Assets/PolygonPrototype/Textures/PolygonPrototype_Texture_Grid_02.png
  artifactKey: Guid(6b38ffdcc39b96042a822bb3f490eefd) Importer(815301076,1909f56bfc062723c751e8b465ee728b)
Start importing Assets/PolygonPrototype/Textures/PolygonPrototype_Texture_Grid_02.png using Guid(6b38ffdcc39b96042a822bb3f490eefd) Importer(815301076,1909f56bfc062723c751e8b465ee728b)  -> (artifact id: '8952cbea0f58896e43b9cca350c95ed2') in 0.108107 seconds 
  Import took 0.119651 seconds .

========================================================================
Received Import Request.
  Time since last request: 0.000827 seconds.
  path: Assets/PolygonPrototype/Textures/PolygonPrototype_Texture_Grid_08.png
  artifactKey: Guid(1d12fa396a3563b41b9ae11b0fb0b986) Importer(815301076,1909f56bfc062723c751e8b465ee728b)
Start importing Assets/PolygonPrototype/Textures/PolygonPrototype_Texture_Grid_08.png using Guid(1d12fa396a3563b41b9ae11b0fb0b986) Importer(815301076,1909f56bfc062723c751e8b465ee728b)  -> (artifact id: 'db338dde30352e2a32ae48bce8ea1baf') in 0.112848 seconds 
  Import took 0.126984 seconds .

========================================================================
Received Import Request.
  Time since last request: 0.000466 seconds.
  path: Assets/PolygonPrototype/Textures/PolygonPrototype_Texture_Grid_06.png
  artifactKey: Guid(bbc54c0e722a346408cd09eef6dc0cd6) Importer(815301076,1909f56bfc062723c751e8b465ee728b)
Start importing Assets/PolygonPrototype/Textures/PolygonPrototype_Texture_Grid_06.png using Guid(bbc54c0e722a346408cd09eef6dc0cd6) Importer(815301076,1909f56bfc062723c751e8b465ee728b)  -> (artifact id: 'f00cf660a4a8e5e9c891e768905616fd') in 0.053472 seconds 
  Import took 0.060454 seconds .

========================================================================
Received Import Request.
  Time since last request: 0.000465 seconds.
  path: Assets/PolygonPrototype/Textures/PolygonPrototype_Texture_09.png
  artifactKey: Guid(67844d2820eea35448a8cf014d6cba30) Importer(815301076,1909f56bfc062723c751e8b465ee728b)
Start importing Assets/PolygonPrototype/Textures/PolygonPrototype_Texture_09.png using Guid(67844d2820eea35448a8cf014d6cba30) Importer(815301076,1909f56bfc062723c751e8b465ee728b)  -> (artifact id: '52de935cd7a71aed1eda0d408641b335') in 0.161357 seconds 
  Import took 0.174704 seconds .

========================================================================
Received Import Request.
  Time since last request: 0.000886 seconds.
  path: Assets/PolygonPrototype/Textures/PolygonPrototype_Texture_Grid_07.png
  artifactKey: Guid(7789f4efbb0f45c4780925243375a18e) Importer(815301076,1909f56bfc062723c751e8b465ee728b)
Start importing Assets/PolygonPrototype/Textures/PolygonPrototype_Texture_Grid_07.png using Guid(7789f4efbb0f45c4780925243375a18e) Importer(815301076,1909f56bfc062723c751e8b465ee728b)  -> (artifact id: '346d8ee9d63ec9ede816ff1fd09b343d') in 0.118305 seconds 
  Import took 0.132077 seconds .

========================================================================
Received Import Request.
  Time since last request: 0.000744 seconds.
  path: Assets/PolygonPrototype/Textures/PolygonPrototype_Texture_Grid_03.png
  artifactKey: Guid(86507321c175292409cc422c5e33d711) Importer(815301076,1909f56bfc062723c751e8b465ee728b)
Start importing Assets/PolygonPrototype/Textures/PolygonPrototype_Texture_Grid_03.png using Guid(86507321c175292409cc422c5e33d711) Importer(815301076,1909f56bfc062723c751e8b465ee728b)  -> (artifact id: '35a4388df607981bc4e8135622fc27cd') in 0.112685 seconds 
  Import took 0.124716 seconds .

========================================================================
Received Import Request.
  Time since last request: 0.000801 seconds.
  path: Assets/PolygonPrototype/Textures/PolygonPrototype_Texture_04.png
  artifactKey: Guid(56d0dcfd4f388074b86b2ca24191e027) Importer(815301076,1909f56bfc062723c751e8b465ee728b)
Start importing Assets/PolygonPrototype/Textures/PolygonPrototype_Texture_04.png using Guid(56d0dcfd4f388074b86b2ca24191e027) Importer(815301076,1909f56bfc062723c751e8b465ee728b)  -> (artifact id: '2d2afa06550abac6868710f04b294603') in 0.254547 seconds 
  Import took 0.268271 seconds .

========================================================================
Received Import Request.
  Time since last request: 0.001342 seconds.
  path: Assets/PolygonPrototype/Textures/PolygonPrototype_Texture_Grid_04.png
  artifactKey: Guid(c7c5239ae4b2ace4d8774918a50a940a) Importer(815301076,1909f56bfc062723c751e8b465ee728b)
Start importing Assets/PolygonPrototype/Textures/PolygonPrototype_Texture_Grid_04.png using Guid(c7c5239ae4b2ace4d8774918a50a940a) Importer(815301076,1909f56bfc062723c751e8b465ee728b)  -> (artifact id: '8740001e78cac1b899c6d8d83d28bee5') in 0.060890 seconds 
  Import took 0.068786 seconds .

========================================================================
Received Import Request.
  Time since last request: 0.000402 seconds.
  path: Assets/PolygonPrototype/Textures/Wire_Alpha.tga
  artifactKey: Guid(2363feb64a80fad4b96e561d7907a8b0) Importer(815301076,1909f56bfc062723c751e8b465ee728b)
Start importing Assets/PolygonPrototype/Textures/Wire_Alpha.tga using Guid(2363feb64a80fad4b96e561d7907a8b0) Importer(815301076,1909f56bfc062723c751e8b465ee728b)  -> (artifact id: 'be69b813906e06c5e9ed9fdde4fe197e') in 0.037925 seconds 
  Import took 0.045079 seconds .

========================================================================
Received Import Request.
  Time since last request: 0.000446 seconds.
  path: Assets/PolygonPrototype/Textures/PolygonPrototype_Texture_10.png
  artifactKey: Guid(52b9d8791ea480146bc8d83c6b17e8ff) Importer(815301076,1909f56bfc062723c751e8b465ee728b)
Start importing Assets/PolygonPrototype/Textures/PolygonPrototype_Texture_10.png using Guid(52b9d8791ea480146bc8d83c6b17e8ff) Importer(815301076,1909f56bfc062723c751e8b465ee728b)  -> (artifact id: '7de5b09a84705c0843214a24cf313210') in 0.159377 seconds 
  Import took 0.169999 seconds .

========================================================================
Received Import Request.
  Time since last request: 0.000876 seconds.
  path: Assets/PolygonPrototype/Textures/Wire_Alpha_White.tga
  artifactKey: Guid(584c5a26a45a3394997a0ffbae9e7ea9) Importer(815301076,1909f56bfc062723c751e8b465ee728b)
Start importing Assets/PolygonPrototype/Textures/Wire_Alpha_White.tga using Guid(584c5a26a45a3394997a0ffbae9e7ea9) Importer(815301076,1909f56bfc062723c751e8b465ee728b)  -> (artifact id: '5d5dd9a26d61bdb3503152e170a3c83e') in 0.052555 seconds 
  Import took 0.061830 seconds .

========================================================================
Received Import Request.
  Time since last request: 0.000662 seconds.
  path: Assets/PolygonPrototype/Textures/PolygonPrototype_Texture_02.png
  artifactKey: Guid(e6bcefb2a2fea3442809925e5d4fe224) Importer(815301076,1909f56bfc062723c751e8b465ee728b)
Start importing Assets/PolygonPrototype/Textures/PolygonPrototype_Texture_02.png using Guid(e6bcefb2a2fea3442809925e5d4fe224) Importer(815301076,1909f56bfc062723c751e8b465ee728b)  -> (artifact id: '4bf2e3aeb17d08ec6df73e0eaffb41db') in 0.198690 seconds 
  Import took 0.210997 seconds .

========================================================================
Received Import Request.
  Time since last request: 0.000811 seconds.
  path: Assets/PolygonPrototype/Textures/PolygonPrototype_Texture_03.png
  artifactKey: Guid(24f3639160792c447b0654fa3b55a9da) Importer(815301076,1909f56bfc062723c751e8b465ee728b)
Start importing Assets/PolygonPrototype/Textures/PolygonPrototype_Texture_03.png using Guid(24f3639160792c447b0654fa3b55a9da) Importer(815301076,1909f56bfc062723c751e8b465ee728b)  -> (artifact id: '9608f4821f524815d2fedfa482a35166') in 0.137183 seconds 
  Import took 0.150945 seconds .

========================================================================
Received Import Request.
  Time since last request: 0.000715 seconds.
  path: Assets/PolygonPrototype/Textures/PolygonPrototype_Texture_Grid_05.png
  artifactKey: Guid(8634f8cf5ba74134c972fb2d36355077) Importer(815301076,1909f56bfc062723c751e8b465ee728b)
Start importing Assets/PolygonPrototype/Textures/PolygonPrototype_Texture_Grid_05.png using Guid(8634f8cf5ba74134c972fb2d36355077) Importer(815301076,1909f56bfc062723c751e8b465ee728b)  -> (artifact id: '0c44d468940e9b281216c656103e93c8') in 0.104567 seconds 
  Import took 0.121278 seconds .

========================================================================
Received Import Request.
  Time since last request: 0.001105 seconds.
  path: Assets/PolygonPrototype/Textures/PolygonPrototype_Texture_01_Emission.png
  artifactKey: Guid(c0cde391f6ee96749be5d6df0f1c83d5) Importer(815301076,1909f56bfc062723c751e8b465ee728b)
Start importing Assets/PolygonPrototype/Textures/PolygonPrototype_Texture_01_Emission.png using Guid(c0cde391f6ee96749be5d6df0f1c83d5) Importer(815301076,1909f56bfc062723c751e8b465ee728b)  -> (artifact id: 'e730dae23ffb04b94f21f4b4df471991') in 0.246666 seconds 
  Import took 0.260720 seconds .

========================================================================
Received Import Request.
  Time since last request: 0.000812 seconds.
  path: Assets/PolygonPrototype/Textures/PolygonPrototype_Texture_07.png
  artifactKey: Guid(ba6d3750577556449812b1bbf8ccd2bc) Importer(815301076,1909f56bfc062723c751e8b465ee728b)
Start importing Assets/PolygonPrototype/Textures/PolygonPrototype_Texture_07.png using Guid(ba6d3750577556449812b1bbf8ccd2bc) Importer(815301076,1909f56bfc062723c751e8b465ee728b)  -> (artifact id: '0c7f7f7fe78564e1563bb6185b078a2c') in 0.246877 seconds 
  Import took 0.262096 seconds .

========================================================================
Received Import Request.
  Time since last request: 0.000829 seconds.
  path: Assets/PolygonPrototype/Textures/PolygonPrototype_Texture_Grid_Glass_01.png
  artifactKey: Guid(1432e62c10501d147a873c128326f711) Importer(815301076,1909f56bfc062723c751e8b465ee728b)
Start importing Assets/PolygonPrototype/Textures/PolygonPrototype_Texture_Grid_Glass_01.png using Guid(1432e62c10501d147a873c128326f711) Importer(815301076,1909f56bfc062723c751e8b465ee728b)  -> (artifact id: 'ac60e43378c1d46934486f6f3b0d610f') in 0.102296 seconds 
  Import took 0.117182 seconds .

========================================================================
Received Import Request.
  Time since last request: 0.468714 seconds.
  path: Assets/PolygonPrototype/Models/SM_Generic_TreeDead_01.fbx
  artifactKey: Guid(200b169d65b878447ae37d8201bf715c) Importer(815301076,1909f56bfc062723c751e8b465ee728b)
Start importing Assets/PolygonPrototype/Models/SM_Generic_TreeDead_01.fbx using Guid(200b169d65b878447ae37d8201bf715c) Importer(815301076,1909f56bfc062723c751e8b465ee728b)  -> (artifact id: '3adbd1911b6749601a72726e4ff79f17') in 0.080064 seconds 
  Import took 0.094683 seconds .

========================================================================
Received Import Request.
  Time since last request: 0.000787 seconds.
  path: Assets/PolygonPrototype/Models/SM_Icon_Arrow_Small_07.fbx
  artifactKey: Guid(ae61531319e382f428df074eeb4f6f52) Importer(815301076,1909f56bfc062723c751e8b465ee728b)
Start importing Assets/PolygonPrototype/Models/SM_Icon_Arrow_Small_07.fbx using Guid(ae61531319e382f428df074eeb4f6f52) Importer(815301076,1909f56bfc062723c751e8b465ee728b)  -> (artifact id: '0b380deb92c8d6c252b6a2378166168c') in 0.093317 seconds 
  Import took 0.106918 seconds .

========================================================================
Received Import Request.
  Time since last request: 0.000830 seconds.
  path: Assets/PolygonPrototype/Models/SM_Icon_Boat_01.fbx
  artifactKey: Guid(c6b13326a4389084a998dfbea38c372a) Importer(815301076,1909f56bfc062723c751e8b465ee728b)
Start importing Assets/PolygonPrototype/Models/SM_Icon_Boat_01.fbx using Guid(c6b13326a4389084a998dfbea38c372a) Importer(815301076,1909f56bfc062723c751e8b465ee728b)  -> (artifact id: '74ae57b7572501b13a15eca04e0c70d8') in 0.084986 seconds 
  Import took 0.102085 seconds .

========================================================================
Received Import Request.
  Time since last request: 0.000989 seconds.
  path: Assets/PolygonPrototype/Models/SM_Icon_Ammo_01.fbx
  artifactKey: Guid(090696055a784af4d9aa142969be078f) Importer(815301076,1909f56bfc062723c751e8b465ee728b)
Start importing Assets/PolygonPrototype/Models/SM_Icon_Ammo_01.fbx using Guid(090696055a784af4d9aa142969be078f) Importer(815301076,1909f56bfc062723c751e8b465ee728b)  -> (artifact id: '9f9c83b58df370f2cf99262e50f489e6') in 0.037831 seconds 
  Import took 0.048202 seconds .

========================================================================
Received Import Request.
  Time since last request: 0.000481 seconds.
  path: Assets/PolygonPrototype/Models/SM_Icon_Ammo_02.fbx
  artifactKey: Guid(b5ee9651c3846144086d3ddeda65be1e) Importer(815301076,1909f56bfc062723c751e8b465ee728b)
Start importing Assets/PolygonPrototype/Models/SM_Icon_Ammo_02.fbx using Guid(b5ee9651c3846144086d3ddeda65be1e) Importer(815301076,1909f56bfc062723c751e8b465ee728b)  -> (artifact id: 'f954f1a65e510ae56b78ddb0edbc47db') in 0.046736 seconds 
  Import took 0.053438 seconds .

========================================================================
Received Import Request.
  Time since last request: 0.000485 seconds.
  path: Assets/PolygonPrototype/Models/SM_Generic_Water_Plane_02.fbx
  artifactKey: Guid(b20b20fa7808c5d48ad452030f9e3a3c) Importer(815301076,1909f56bfc062723c751e8b465ee728b)
Start importing Assets/PolygonPrototype/Models/SM_Generic_Water_Plane_02.fbx using Guid(b20b20fa7808c5d48ad452030f9e3a3c) Importer(815301076,1909f56bfc062723c751e8b465ee728b)  -> (artifact id: '73ebb31aa184cc71ddedd116f724dee6') in 0.060592 seconds 
  Import took 0.067406 seconds .

========================================================================
Received Import Request.
  Time since last request: 0.000446 seconds.
  path: Assets/PolygonPrototype/Models/SM_Icon_Banana_01.fbx
  artifactKey: Guid(aeaf1ff159c27da4b8f1f44b22726686) Importer(815301076,1909f56bfc062723c751e8b465ee728b)
Start importing Assets/PolygonPrototype/Models/SM_Icon_Banana_01.fbx using Guid(aeaf1ff159c27da4b8f1f44b22726686) Importer(815301076,1909f56bfc062723c751e8b465ee728b)  -> (artifact id: 'ad1ac9b96153193ea1bccd90bb30e01c') in 0.064557 seconds 
  Import took 0.074166 seconds .

========================================================================
Received Import Request.
  Time since last request: 0.000733 seconds.
  path: Assets/PolygonPrototype/Models/SM_Icon_Arrow_Long_02.fbx
  artifactKey: Guid(b803ffa5defec7b4d93728abb307b976) Importer(815301076,1909f56bfc062723c751e8b465ee728b)
Start importing Assets/PolygonPrototype/Models/SM_Icon_Arrow_Long_02.fbx using Guid(b803ffa5defec7b4d93728abb307b976) Importer(815301076,1909f56bfc062723c751e8b465ee728b)  -> (artifact id: '3996364aeac5f5e7e4861562bfa04781') in 0.057699 seconds 
  Import took 0.070735 seconds .

========================================================================
Received Import Request.
  Time since last request: 0.000628 seconds.
  path: Assets/PolygonPrototype/Models/SM_Icon_Arrow_Long_Curve_02.fbx
  artifactKey: Guid(1dbd03cbe51486b4c9a9fe731a3bafd6) Importer(815301076,1909f56bfc062723c751e8b465ee728b)
Start importing Assets/PolygonPrototype/Models/SM_Icon_Arrow_Long_Curve_02.fbx using Guid(1dbd03cbe51486b4c9a9fe731a3bafd6) Importer(815301076,1909f56bfc062723c751e8b465ee728b)  -> (artifact id: '2b3a557489b6b43282ae3c3ed9af5fee') in 0.061139 seconds 
  Import took 0.074030 seconds .

========================================================================
Received Import Request.
  Time since last request: 0.000597 seconds.
  path: Assets/PolygonPrototype/Models/SM_Icon_Arrow_Small_03.fbx
  artifactKey: Guid(54ba903e817459a4283252cab46e24a6) Importer(815301076,1909f56bfc062723c751e8b465ee728b)
Start importing Assets/PolygonPrototype/Models/SM_Icon_Arrow_Small_03.fbx using Guid(54ba903e817459a4283252cab46e24a6) Importer(815301076,1909f56bfc062723c751e8b465ee728b)  -> (artifact id: '1f1c7ad3c590a78b58a5fc7aad109708') in 0.061659 seconds 
  Import took 0.073913 seconds .

========================================================================
Received Import Request.
  Time since last request: 0.000684 seconds.
  path: Assets/PolygonPrototype/Models/SM_Generic_Water_Plane_01.fbx
  artifactKey: Guid(4d5bf05349fa8854198809b7abf9a9bb) Importer(815301076,1909f56bfc062723c751e8b465ee728b)
Start importing Assets/PolygonPrototype/Models/SM_Generic_Water_Plane_01.fbx using Guid(4d5bf05349fa8854198809b7abf9a9bb) Importer(815301076,1909f56bfc062723c751e8b465ee728b)  -> (artifact id: 'c07f8efb19a17ad23a9efeb098712539') in 0.064777 seconds 
  Import took 0.073936 seconds .

========================================================================
Received Import Request.
  Time since last request: 0.000597 seconds.
  path: Assets/PolygonPrototype/Models/SM_Icon_Arrow_Small_04.fbx
  artifactKey: Guid(ad6b783dc99b5bd44be86a68c296c331) Importer(815301076,1909f56bfc062723c751e8b465ee728b)
Start importing Assets/PolygonPrototype/Models/SM_Icon_Arrow_Small_04.fbx using Guid(ad6b783dc99b5bd44be86a68c296c331) Importer(815301076,1909f56bfc062723c751e8b465ee728b)  -> (artifact id: '8a741d6414d56c5b19eae98495b8c799') in 0.068828 seconds 
  Import took 0.082711 seconds .

========================================================================
Received Import Request.
  Time since last request: 0.000645 seconds.
  path: Assets/PolygonPrototype/Models/SM_Icon_Arrow_Long_01.fbx
  artifactKey: Guid(61d24e80f99275d4f9cf3e5b40d66d54) Importer(815301076,1909f56bfc062723c751e8b465ee728b)
Start importing Assets/PolygonPrototype/Models/SM_Icon_Arrow_Long_01.fbx using Guid(61d24e80f99275d4f9cf3e5b40d66d54) Importer(815301076,1909f56bfc062723c751e8b465ee728b)  -> (artifact id: 'f0ac4ad5b4fc19a7e4f76939859023c0') in 0.040872 seconds 
  Import took 0.050875 seconds .

========================================================================
Received Import Request.
  Time since last request: 0.000492 seconds.
  path: Assets/PolygonPrototype/Models/SM_Icon_Apple_01.fbx
  artifactKey: Guid(fe512fe22ccb6d0419f94a02c4521547) Importer(815301076,1909f56bfc062723c751e8b465ee728b)
Start importing Assets/PolygonPrototype/Models/SM_Icon_Apple_01.fbx using Guid(fe512fe22ccb6d0419f94a02c4521547) Importer(815301076,1909f56bfc062723c751e8b465ee728b)  -> (artifact id: '56de15d45f6b72e58999b01d15398201') in 0.057744 seconds 
  Import took 0.066063 seconds .

========================================================================
Received Import Request.
  Time since last request: 0.000538 seconds.
  path: Assets/PolygonPrototype/Models/SM_Gerneric_Grass_Patch_01.fbx
  artifactKey: Guid(a89a5ed8aae2faa408659f52eaaa3dcc) Importer(815301076,1909f56bfc062723c751e8b465ee728b)
Start importing Assets/PolygonPrototype/Models/SM_Gerneric_Grass_Patch_01.fbx using Guid(a89a5ed8aae2faa408659f52eaaa3dcc) Importer(815301076,1909f56bfc062723c751e8b465ee728b)  -> (artifact id: 'cd0aaa43bd5f94596da1677f9ca08859') in 0.056050 seconds 
  Import took 0.063115 seconds .

========================================================================
Received Import Request.
  Time since last request: 0.000633 seconds.
  path: Assets/PolygonPrototype/Models/SM_Icon_Ammo_04.fbx
  artifactKey: Guid(a0b12b0b7c7edba4a9740c5ebb7c454d) Importer(815301076,1909f56bfc062723c751e8b465ee728b)
Start importing Assets/PolygonPrototype/Models/SM_Icon_Ammo_04.fbx using Guid(a0b12b0b7c7edba4a9740c5ebb7c454d) Importer(815301076,1909f56bfc062723c751e8b465ee728b)  -> (artifact id: '8497b02146ebdc310dcca9e698b237ae') in 0.054768 seconds 
  Import took 0.066357 seconds .

========================================================================
Received Import Request.
  Time since last request: 0.000600 seconds.
  path: Assets/PolygonPrototype/Models/SM_Icon_Axe_01.fbx
  artifactKey: Guid(47a4d480549968c479fc707f64da7a06) Importer(815301076,1909f56bfc062723c751e8b465ee728b)
Start importing Assets/PolygonPrototype/Models/SM_Icon_Axe_01.fbx using Guid(47a4d480549968c479fc707f64da7a06) Importer(815301076,1909f56bfc062723c751e8b465ee728b)  -> (artifact id: 'e95cabde5742b9815004cb56374d9fbc') in 0.053084 seconds 
  Import took 0.063376 seconds .

========================================================================
Received Import Request.
  Time since last request: 0.000566 seconds.
  path: Assets/PolygonPrototype/Models/SM_Icon_Arrow_Small_02.fbx
  artifactKey: Guid(ddd40872355b5494ba64bb792a26bc17) Importer(815301076,1909f56bfc062723c751e8b465ee728b)
Start importing Assets/PolygonPrototype/Models/SM_Icon_Arrow_Small_02.fbx using Guid(ddd40872355b5494ba64bb792a26bc17) Importer(815301076,1909f56bfc062723c751e8b465ee728b)  -> (artifact id: '99ca2234be2f3991d608ba0f70e4d208') in 0.073496 seconds 
  Import took 0.083432 seconds .

========================================================================
Received Import Request.
  Time since last request: 0.000579 seconds.
  path: Assets/PolygonPrototype/Models/SM_Icon_Arrow_Small_05.fbx
  artifactKey: Guid(e6281cb45791c0f449ba8568954738d5) Importer(815301076,1909f56bfc062723c751e8b465ee728b)
Start importing Assets/PolygonPrototype/Models/SM_Icon_Arrow_Small_05.fbx using Guid(e6281cb45791c0f449ba8568954738d5) Importer(815301076,1909f56bfc062723c751e8b465ee728b)  -> (artifact id: '90ea346a34e719971a79eefd1e3012c0') in 0.066603 seconds 
  Import took 0.080232 seconds .

========================================================================
Received Import Request.
  Time since last request: 0.000686 seconds.
  path: Assets/PolygonPrototype/Models/SM_Icon_Arrow_Small_01.fbx
  artifactKey: Guid(506749b8b4289ca4d99b1458973d1ab0) Importer(815301076,1909f56bfc062723c751e8b465ee728b)
Start importing Assets/PolygonPrototype/Models/SM_Icon_Arrow_Small_01.fbx using Guid(506749b8b4289ca4d99b1458973d1ab0) Importer(815301076,1909f56bfc062723c751e8b465ee728b)  -> (artifact id: '6480b3c43fdcddb8d450f8610c519ea8') in 0.065034 seconds 
  Import took 0.082835 seconds .

========================================================================
Received Import Request.
  Time since last request: 0.000585 seconds.
  path: Assets/PolygonPrototype/Models/SM_Icon_Arrow_Long_Curve_03.fbx
  artifactKey: Guid(45cae7d1798ee244ebd14eee9b1a95b9) Importer(815301076,1909f56bfc062723c751e8b465ee728b)
Start importing Assets/PolygonPrototype/Models/SM_Icon_Arrow_Long_Curve_03.fbx using Guid(45cae7d1798ee244ebd14eee9b1a95b9) Importer(815301076,1909f56bfc062723c751e8b465ee728b)  -> (artifact id: '60f8d8d28ae0e805d7c9e75de0efc579') in 0.054559 seconds 
  Import took 0.065106 seconds .

========================================================================
Received Import Request.
  Time since last request: 0.000551 seconds.
  path: Assets/PolygonPrototype/Models/SM_Icon_Ammo_03.fbx
  artifactKey: Guid(70fff6b6a7ad4eb4297625291a9cc997) Importer(815301076,1909f56bfc062723c751e8b465ee728b)
Start importing Assets/PolygonPrototype/Models/SM_Icon_Ammo_03.fbx using Guid(70fff6b6a7ad4eb4297625291a9cc997) Importer(815301076,1909f56bfc062723c751e8b465ee728b)  -> (artifact id: '26211f1c877fa1619b386a11a0badade') in 0.065268 seconds 
  Import took 0.078363 seconds .

========================================================================
Received Import Request.
  Time since last request: 0.000592 seconds.
  path: Assets/PolygonPrototype/Models/SM_Gerneric_Grass_Patch_02.fbx
  artifactKey: Guid(c37207ea294d07e4191a09297b56a62a) Importer(815301076,1909f56bfc062723c751e8b465ee728b)
Start importing Assets/PolygonPrototype/Models/SM_Gerneric_Grass_Patch_02.fbx using Guid(c37207ea294d07e4191a09297b56a62a) Importer(815301076,1909f56bfc062723c751e8b465ee728b)  -> (artifact id: '853ef22ed3809cccac7e6c1c44217488') in 0.058918 seconds 
  Import took 0.067026 seconds .

========================================================================
Received Import Request.
  Time since last request: 0.000492 seconds.
  path: Assets/PolygonPrototype/Models/SM_Icon_Arrow_Long_Curve_01.fbx
  artifactKey: Guid(cb1e5143eebad2642b5758464d19bf4f) Importer(815301076,1909f56bfc062723c751e8b465ee728b)
Start importing Assets/PolygonPrototype/Models/SM_Icon_Arrow_Long_Curve_01.fbx using Guid(cb1e5143eebad2642b5758464d19bf4f) Importer(815301076,1909f56bfc062723c751e8b465ee728b)  -> (artifact id: 'c26573b49e7d676b63aa3e5f753115d1') in 0.055444 seconds 
  Import took 0.065568 seconds .

========================================================================
Received Import Request.
  Time since last request: 0.000573 seconds.
  path: Assets/PolygonPrototype/Models/SM_Icon_Balloon_01.fbx
  artifactKey: Guid(2b1600b8b48e3ac4c87e5d81a4153ab7) Importer(815301076,1909f56bfc062723c751e8b465ee728b)
Start importing Assets/PolygonPrototype/Models/SM_Icon_Balloon_01.fbx using Guid(2b1600b8b48e3ac4c87e5d81a4153ab7) Importer(815301076,1909f56bfc062723c751e8b465ee728b)  -> (artifact id: '87403495c4ab198c1071a099ebdbd565') in 0.066719 seconds 
  Import took 0.077825 seconds .

========================================================================
Received Import Request.
  Time since last request: 0.000750 seconds.
  path: Assets/PolygonPrototype/Models/SM_Icon_Arrow_Small_06.fbx
  artifactKey: Guid(5a804e602bf543845a5afe880fa51137) Importer(815301076,1909f56bfc062723c751e8b465ee728b)
Start importing Assets/PolygonPrototype/Models/SM_Icon_Arrow_Small_06.fbx using Guid(5a804e602bf543845a5afe880fa51137) Importer(815301076,1909f56bfc062723c751e8b465ee728b)  -> (artifact id: '459f9bd33c1c0fb301953133871da7b9') in 0.072048 seconds 
  Import took 0.084886 seconds .

========================================================================
Received Import Request.
  Time since last request: 0.000722 seconds.
  path: Assets/PolygonPrototype/Models/SM_Icon_Audio_01.fbx
  artifactKey: Guid(019d0b198f0037e45bdd0a1a52557e08) Importer(815301076,1909f56bfc062723c751e8b465ee728b)
Start importing Assets/PolygonPrototype/Models/SM_Icon_Audio_01.fbx using Guid(019d0b198f0037e45bdd0a1a52557e08) Importer(815301076,1909f56bfc062723c751e8b465ee728b)  -> (artifact id: '4bd72dddcd9f6ab470009bd91986c665') in 0.069319 seconds 
  Import took 0.083087 seconds .

========================================================================
Received Import Request.
  Time since last request: 0.000673 seconds.
  path: Assets/PolygonPrototype/Models/SM_Icon_Banana_02.fbx
  artifactKey: Guid(796f38e395d865d4d91774af07561c7a) Importer(815301076,1909f56bfc062723c751e8b465ee728b)
Start importing Assets/PolygonPrototype/Models/SM_Icon_Banana_02.fbx using Guid(796f38e395d865d4d91774af07561c7a) Importer(815301076,1909f56bfc062723c751e8b465ee728b)  -> (artifact id: '778e6a0799e315734258eb0239ac651f') in 0.068193 seconds 
  Import took 0.084092 seconds .

========================================================================
Received Import Request.
  Time since last request: 0.000758 seconds.
  path: Assets/PolygonPrototype/Models/SM_Generic_TreeStump_01.fbx
  artifactKey: Guid(9e28bf54511c86c44aa6f3e23ee44c8f) Importer(815301076,1909f56bfc062723c751e8b465ee728b)
Start importing Assets/PolygonPrototype/Models/SM_Generic_TreeStump_01.fbx using Guid(9e28bf54511c86c44aa6f3e23ee44c8f) Importer(815301076,1909f56bfc062723c751e8b465ee728b)  -> (artifact id: 'fde7786d5c3a7fd59b2490f1e4ef876f') in 0.066659 seconds 
  Import took 0.077607 seconds .

========================================================================
Received Import Request.
  Time since last request: 0.000657 seconds.
  path: Assets/PolygonPrototype/Models/SM_Icon_Arrow_Small_UpDown_01.fbx
  artifactKey: Guid(7b86593d0e90c214fa955fb8f9f50e42) Importer(815301076,1909f56bfc062723c751e8b465ee728b)
Start importing Assets/PolygonPrototype/Models/SM_Icon_Arrow_Small_UpDown_01.fbx using Guid(7b86593d0e90c214fa955fb8f9f50e42) Importer(815301076,1909f56bfc062723c751e8b465ee728b)  -> (artifact id: '8064be6a1daf7c552f051df70cbb81e2') in 0.091735 seconds 
  Import took 0.102612 seconds .

========================================================================
Received Import Request.
  Time since last request: 8.941330 seconds.
  path: Assets/PolygonPrototype/Models/SM_Icon_Bones_01.fbx
  artifactKey: Guid(5778beac0ec7a434eae152976b2f8665) Importer(815301076,1909f56bfc062723c751e8b465ee728b)
Start importing Assets/PolygonPrototype/Models/SM_Icon_Bones_01.fbx using Guid(5778beac0ec7a434eae152976b2f8665) Importer(815301076,1909f56bfc062723c751e8b465ee728b)  -> (artifact id: 'df301b7624b3028f974b1ddbde3b03ae') in 0.087300 seconds 
  Import took 0.102314 seconds .

========================================================================
Received Import Request.
  Time since last request: 2.975559 seconds.
  path: Assets/PolygonPrototype/Models/SM_Icon_Camera_01.fbx
  artifactKey: Guid(a5bd27fd6394e67488b3d6cc200bce64) Importer(815301076,1909f56bfc062723c751e8b465ee728b)
Start importing Assets/PolygonPrototype/Models/SM_Icon_Camera_01.fbx using Guid(a5bd27fd6394e67488b3d6cc200bce64) Importer(815301076,1909f56bfc062723c751e8b465ee728b)  -> (artifact id: '9bfd33bffa83c6c9ed215cce48878a5a') in 0.041242 seconds 
  Import took 0.048638 seconds .

========================================================================
Received Import Request.
  Time since last request: 0.002055 seconds.
  path: Assets/PolygonPrototype/Models/SM_Icon_Camera_01.fbx
  artifactKey: Guid(a5bd27fd6394e67488b3d6cc200bce64) Importer(815301076,1909f56bfc062723c751e8b465ee728b)
Start importing Assets/PolygonPrototype/Models/SM_Icon_Camera_01.fbx using Guid(a5bd27fd6394e67488b3d6cc200bce64) Importer(815301076,1909f56bfc062723c751e8b465ee728b)  -> (artifact id: '9bfd33bffa83c6c9ed215cce48878a5a') in 0.030297 seconds 
  Import took 0.036721 seconds .

========================================================================
Received Import Request.
  Time since last request: 2.606635 seconds.
  path: Assets/PolygonPrototype/Models/SM_Icon_Candy_01.fbx
  artifactKey: Guid(b2773e189f71686448858b1ac36b4b55) Importer(815301076,1909f56bfc062723c751e8b465ee728b)
Start importing Assets/PolygonPrototype/Models/SM_Icon_Candy_01.fbx using Guid(b2773e189f71686448858b1ac36b4b55) Importer(815301076,1909f56bfc062723c751e8b465ee728b)  -> (artifact id: 'cfc16d29da41aa38815c537ffc85426f') in 0.086702 seconds 
  Import took 0.098853 seconds .

========================================================================
Received Import Request.
  Time since last request: 0.000942 seconds.
  path: Assets/PolygonPrototype/Models/SM_Icon_Circle_01.fbx
  artifactKey: Guid(2448bd6a5888ad646b8c665e877aaaed) Importer(815301076,1909f56bfc062723c751e8b465ee728b)
Start importing Assets/PolygonPrototype/Models/SM_Icon_Circle_01.fbx using Guid(2448bd6a5888ad646b8c665e877aaaed) Importer(815301076,1909f56bfc062723c751e8b465ee728b)  -> (artifact id: 'e6eeb1d86832c47141e75cf51ced6a58') in 0.082962 seconds 
  Import took 0.099241 seconds .

========================================================================
Received Import Request.
  Time since last request: 0.000726 seconds.
  path: Assets/PolygonPrototype/Models/SM_Icon_Coin_02.fbx
  artifactKey: Guid(44042356cd03d904fa501e1014eef3c8) Importer(815301076,1909f56bfc062723c751e8b465ee728b)
Start importing Assets/PolygonPrototype/Models/SM_Icon_Coin_02.fbx using Guid(44042356cd03d904fa501e1014eef3c8) Importer(815301076,1909f56bfc062723c751e8b465ee728b)  -> (artifact id: '607b283d6e227fdf5804dbc7faba510d') in 0.087127 seconds 
  Import took 0.100167 seconds .

========================================================================
Received Import Request.
  Time since last request: 0.000953 seconds.
  path: Assets/PolygonPrototype/Models/SM_Icon_CoinBag_01.fbx
  artifactKey: Guid(3d2fae5687432b047ad41b8d1a6402bf) Importer(815301076,1909f56bfc062723c751e8b465ee728b)
Start importing Assets/PolygonPrototype/Models/SM_Icon_CoinBag_01.fbx using Guid(3d2fae5687432b047ad41b8d1a6402bf) Importer(815301076,1909f56bfc062723c751e8b465ee728b)  -> (artifact id: 'db8e4954dd8983cb3a87ce1491e847e1') in 0.091857 seconds 
  Import took 0.105668 seconds .

========================================================================
Received Import Request.
  Time since last request: 0.000968 seconds.
  path: Assets/PolygonPrototype/Models/SM_Icon_Cup_02.fbx
  artifactKey: Guid(15dbf55d21cef584baff51f93822183b) Importer(815301076,1909f56bfc062723c751e8b465ee728b)
Start importing Assets/PolygonPrototype/Models/SM_Icon_Cup_02.fbx using Guid(15dbf55d21cef584baff51f93822183b) Importer(815301076,1909f56bfc062723c751e8b465ee728b)  -> (artifact id: '7cae3270c445b5488a07a394db926197') in 0.079551 seconds 
  Import took 0.089361 seconds .

========================================================================
Received Import Request.
  Time since last request: 0.000487 seconds.
  path: Assets/PolygonPrototype/Models/SM_Icon_Candy_01.fbx
  artifactKey: Guid(b2773e189f71686448858b1ac36b4b55) Importer(815301076,1909f56bfc062723c751e8b465ee728b)
Start importing Assets/PolygonPrototype/Models/SM_Icon_Candy_01.fbx using Guid(b2773e189f71686448858b1ac36b4b55) Importer(815301076,1909f56bfc062723c751e8b465ee728b)  -> (artifact id: 'cfc16d29da41aa38815c537ffc85426f') in 0.050149 seconds 
  Import took 0.057770 seconds .

========================================================================
Received Import Request.
  Time since last request: 0.000687 seconds.
  path: Assets/PolygonPrototype/Models/SM_Icon_Controller_01.fbx
  artifactKey: Guid(507610af3efd1fe4eb4cc726a82eac7e) Importer(815301076,1909f56bfc062723c751e8b465ee728b)
Start importing Assets/PolygonPrototype/Models/SM_Icon_Controller_01.fbx using Guid(507610af3efd1fe4eb4cc726a82eac7e) Importer(815301076,1909f56bfc062723c751e8b465ee728b)  -> (artifact id: '1ba373c286dd307b7243220b90c7b2c0') in 0.049891 seconds 
  Import took 0.057948 seconds .

========================================================================
Received Import Request.
  Time since last request: 0.000477 seconds.
  path: Assets/PolygonPrototype/Models/SM_Icon_Cup_01.fbx
  artifactKey: Guid(8e22fa0bdd970f749a4a10ef46c3d742) Importer(815301076,1909f56bfc062723c751e8b465ee728b)
Start importing Assets/PolygonPrototype/Models/SM_Icon_Cup_01.fbx using Guid(8e22fa0bdd970f749a4a10ef46c3d742) Importer(815301076,1909f56bfc062723c751e8b465ee728b)  -> (artifact id: '2ca137b55dda17d79f29ee763c421b57') in 0.037104 seconds 
  Import took 0.044799 seconds .

========================================================================
Received Import Request.
  Time since last request: 0.000522 seconds.
  path: Assets/PolygonPrototype/Models/SM_Icon_Car_01.fbx
  artifactKey: Guid(2251925965141e9469039f0b179620c5) Importer(815301076,1909f56bfc062723c751e8b465ee728b)
Start importing Assets/PolygonPrototype/Models/SM_Icon_Car_01.fbx using Guid(2251925965141e9469039f0b179620c5) Importer(815301076,1909f56bfc062723c751e8b465ee728b)  -> (artifact id: '2d8623c678a1669ff1f10b6b728750f8') in 0.048506 seconds 
  Import took 0.055307 seconds .

========================================================================
Received Import Request.
  Time since last request: 0.000563 seconds.
  path: Assets/PolygonPrototype/Models/SM_Icon_Cup_03.fbx
  artifactKey: Guid(333c15b9f8a12124da03d02d9613089e) Importer(815301076,1909f56bfc062723c751e8b465ee728b)
Start importing Assets/PolygonPrototype/Models/SM_Icon_Cup_03.fbx using Guid(333c15b9f8a12124da03d02d9613089e) Importer(815301076,1909f56bfc062723c751e8b465ee728b)  -> (artifact id: 'bc99eae83465f9f00444a92fcb017579') in 0.055539 seconds 
  Import took 0.063371 seconds .

========================================================================
Received Import Request.
  Time since last request: 0.000565 seconds.
  path: Assets/PolygonPrototype/Models/SM_Icon_Error_Circle_01.fbx
  artifactKey: Guid(13713800a76c2b241afb8c411f2630de) Importer(815301076,1909f56bfc062723c751e8b465ee728b)
Start importing Assets/PolygonPrototype/Models/SM_Icon_Error_Circle_01.fbx using Guid(13713800a76c2b241afb8c411f2630de) Importer(815301076,1909f56bfc062723c751e8b465ee728b)  -> (artifact id: '9e12da1554d6a522644cc9abf066b345') in 0.051790 seconds 
  Import took 0.061675 seconds .

========================================================================
Received Import Request.
  Time since last request: 0.000510 seconds.
  path: Assets/PolygonPrototype/Models/SM_Icon_Clapper_01.fbx
  artifactKey: Guid(1a778c82e325d394c93b3e0088275c83) Importer(815301076,1909f56bfc062723c751e8b465ee728b)
Start importing Assets/PolygonPrototype/Models/SM_Icon_Clapper_01.fbx using Guid(1a778c82e325d394c93b3e0088275c83) Importer(815301076,1909f56bfc062723c751e8b465ee728b)  -> (artifact id: '59b27f922fd841af797c6e69b141aa55') in 0.059870 seconds 
  Import took 0.070590 seconds .

========================================================================
Received Import Request.
  Time since last request: 0.000687 seconds.
  path: Assets/PolygonPrototype/Models/SM_Icon_Coin_01.fbx
  artifactKey: Guid(20a363539fe980347a78e6566e3164a8) Importer(815301076,1909f56bfc062723c751e8b465ee728b)
Start importing Assets/PolygonPrototype/Models/SM_Icon_Coin_01.fbx using Guid(20a363539fe980347a78e6566e3164a8) Importer(815301076,1909f56bfc062723c751e8b465ee728b)  -> (artifact id: '5d83431b6ece9bd041e103a283152245') in 0.078220 seconds 
  Import took 0.090268 seconds .

========================================================================
Received Import Request.
  Time since last request: 0.000634 seconds.
  path: Assets/PolygonPrototype/Models/SM_Icon_Coin_03.fbx
  artifactKey: Guid(af2731104de304b4598a99e9f79e44f1) Importer(815301076,1909f56bfc062723c751e8b465ee728b)
Start importing Assets/PolygonPrototype/Models/SM_Icon_Coin_03.fbx using Guid(af2731104de304b4598a99e9f79e44f1) Importer(815301076,1909f56bfc062723c751e8b465ee728b)  -> (artifact id: '89718650c05ceecd4453bf0fade19368') in 0.060139 seconds 
  Import took 0.070572 seconds .

========================================================================
Received Import Request.
  Time since last request: 0.000688 seconds.
  path: Assets/PolygonPrototype/Models/SM_Icon_Cross_01.fbx
  artifactKey: Guid(34882a79cb995e345a59913833d1f118) Importer(815301076,1909f56bfc062723c751e8b465ee728b)
Start importing Assets/PolygonPrototype/Models/SM_Icon_Cross_01.fbx using Guid(34882a79cb995e345a59913833d1f118) Importer(815301076,1909f56bfc062723c751e8b465ee728b)  -> (artifact id: 'e04244b97595b99006c333294def0d30') in 0.061100 seconds 
  Import took 0.072030 seconds .

========================================================================
Received Import Request.
  Time since last request: 2.045540 seconds.
  path: Assets/PolygonPrototype/Models/SM_Icon_Folder_01.fbx
  artifactKey: Guid(5cdce99f2891e474bb89dc1c61d3ddaa) Importer(815301076,1909f56bfc062723c751e8b465ee728b)
Start importing Assets/PolygonPrototype/Models/SM_Icon_Folder_01.fbx using Guid(5cdce99f2891e474bb89dc1c61d3ddaa) Importer(815301076,1909f56bfc062723c751e8b465ee728b)  -> (artifact id: 'bab11672411b5e0a09258ccc30323b84') in 0.054170 seconds 
  Import took 0.059056 seconds .

========================================================================
Received Import Request.
  Time since last request: 0.000342 seconds.
  path: Assets/PolygonPrototype/Models/SM_Icon_Gem_01.fbx
  artifactKey: Guid(c8e9a715daac24048a124a1f8e3487fa) Importer(815301076,1909f56bfc062723c751e8b465ee728b)
Start importing Assets/PolygonPrototype/Models/SM_Icon_Gem_01.fbx using Guid(c8e9a715daac24048a124a1f8e3487fa) Importer(815301076,1909f56bfc062723c751e8b465ee728b)  -> (artifact id: '9f787af57cf69b85df4c6f1f97f4cae4') in 0.045159 seconds 
  Import took 0.052456 seconds .

========================================================================
Received Import Request.
  Time since last request: 0.000378 seconds.
  path: Assets/PolygonPrototype/Models/SM_Icon_Folder_01.fbx
  artifactKey: Guid(5cdce99f2891e474bb89dc1c61d3ddaa) Importer(815301076,1909f56bfc062723c751e8b465ee728b)
Start importing Assets/PolygonPrototype/Models/SM_Icon_Folder_01.fbx using Guid(5cdce99f2891e474bb89dc1c61d3ddaa) Importer(815301076,1909f56bfc062723c751e8b465ee728b)  -> (artifact id: 'bab11672411b5e0a09258ccc30323b84') in 0.031982 seconds 
  Import took 0.038321 seconds .

========================================================================
Received Prepare
Refreshing native plugins compatible for Editor in 10.65 ms, found 2 plugins.
Preloading 0 native plugins for Editor in 0.00 ms.
Unloading 13 Unused Serialized files (Serialized files now loaded: 0)
System memory in use before: 80.1 MB.
System memory in use after: 80.1 MB.

Unloading 14 unused Assets to reduce memory usage. Loaded Objects now: 2305.
Total: 7.107700 ms (FindLiveObjects: 0.456800 ms CreateObjectMapping: 0.158100 ms MarkObjects: 6.326000 ms  DeleteObjects: 0.162200 ms)

AssetImportParameters requested are different than current active one (requested -> active):
  custom:framework-win-MediaFoundation: 216162199b28c13a410421893ffa2e32 -> 
  custom:video-decoder-ogg-theora: a1e56fd34408186e4bbccfd4996cb3dc -> 
  custom:container-muxer-webm: aa71ff27fc2769a1b78a27578f13a17b -> 
  custom:container-demuxer-webm: 4f35f7cbe854078d1ac9338744f61a02 -> 
  custom:container-demuxer-ogg: 62fdf1f143b41e24485cea50d1cbac27 -> 
  custom:video-encoder-webm-vp8: eb34c28f22e8b96e1ab97ce403110664 -> 
  custom:video-decoder-webm-vp8: 9c59270c3fd7afecdb556c50c9e8de78 -> 
  custom:audio-decoder-ogg-vorbis: bf7c407c2cedff20999df2af8eb42d56 -> 
  custom:audio-encoder-webm-vorbis: bf7c407c2cedff20999df2af8eb42d56 -> 
AssetImportWorkerClient::OnTransportError - code=2 error=End of file
